08:49:48.422 - 1: org.apache.uima.adapter.jms.client.BaseUIMAAsynchronousEngine_impl.<init>(131): INFO: UIMA Version 2.4.2 UIMA-AS Version 2.4.2
08:49:49.80 - 1: org.apache.uima.aae.deploymentDescriptor.XsltImportByName.resolveByName: WARNING: 
org.apache.uima.util.InvalidXMLException: An import could not be resolved.  No file with name "descriptors/inputAnnotator.xml" was found in the class path or data path. (Descriptor: <unknown>)
	at org.apache.uima.resource.metadata.impl.Import_impl.findAbsoluteUrl(Import_impl.java:117)
	at org.apache.uima.aae.deploymentDescriptor.XsltImportByName.resolveByName(XsltImportByName.java:39)
	at sun.reflect.NativeMethodAccessorImpl.invoke0(Native Method)
	at sun.reflect.NativeMethodAccessorImpl.invoke(Unknown Source)
	at sun.reflect.DelegatingMethodAccessorImpl.invoke(Unknown Source)
	at java.lang.reflect.Method.invoke(Unknown Source)
	at net.sf.saxon.functions.ExtensionFunctionCall.invokeMethod(ExtensionFunctionCall.java:513)
	at net.sf.saxon.functions.ExtensionFunctionCall.call(ExtensionFunctionCall.java:223)
	at net.sf.saxon.functions.ExtensionFunctionCall.iterate(ExtensionFunctionCall.java:111)
	at net.sf.saxon.instruct.BlockIterator.next(BlockIterator.java:42)
	at net.sf.saxon.value.SequenceExtent.<init>(SequenceExtent.java:98)
	at net.sf.saxon.value.SequenceExtent.makeSequenceExtent(SequenceExtent.java:129)
	at net.sf.saxon.expr.TailCallLoop.iterate(TailCallLoop.java:77)
	at net.sf.saxon.value.Closure.iterate(Closure.java:192)
	at net.sf.saxon.value.Value.getIterator(Value.java:214)
	at net.sf.saxon.expr.UserFunctionCall.iterate(UserFunctionCall.java:300)
	at net.sf.saxon.expr.ExpressionTool.evaluate(ExpressionTool.java:370)
	at net.sf.saxon.expr.LetExpression.eval(LetExpression.java:229)
	at net.sf.saxon.expr.LetExpression.process(LetExpression.java:260)
	at net.sf.saxon.instruct.ForEach.processLeavingTail(ForEach.java:243)
	at net.sf.saxon.instruct.Instruction.process(Instruction.java:91)
	at net.sf.saxon.instruct.ElementCreator.processLeavingTail(ElementCreator.java:240)
	at net.sf.saxon.instruct.Block.processLeavingTail(Block.java:365)
	at net.sf.saxon.expr.LetExpression.processLeavingTail(LetExpression.java:405)
	at net.sf.saxon.instruct.Block.processLeavingTail(Block.java:365)
	at net.sf.saxon.instruct.Template.expand(Template.java:112)
	at net.sf.saxon.instruct.CallTemplate.process(CallTemplate.java:212)
	at net.sf.saxon.instruct.CallTemplate.processLeavingTail(CallTemplate.java:237)
	at net.sf.saxon.instruct.Block.processLeavingTail(Block.java:365)
	at net.sf.saxon.instruct.Choose.processLeavingTail(Choose.java:347)
	at net.sf.saxon.instruct.Block.processLeavingTail(Block.java:365)
	at net.sf.saxon.instruct.Instruction.process(Instruction.java:91)
	at net.sf.saxon.instruct.ElementCreator.processLeavingTail(ElementCreator.java:240)
	at net.sf.saxon.instruct.Block.processLeavingTail(Block.java:365)
	at net.sf.saxon.expr.LetExpression.processLeavingTail(LetExpression.java:405)
	at net.sf.saxon.instruct.Block.processLeavingTail(Block.java:365)
	at net.sf.saxon.expr.LetExpression.processLeavingTail(LetExpression.java:405)
	at net.sf.saxon.instruct.Block.processLeavingTail(Block.java:365)
	at net.sf.saxon.instruct.Template.applyLeavingTail(Template.java:98)
	at net.sf.saxon.instruct.ApplyTemplates.applyTemplates(ApplyTemplates.java:317)
	at net.sf.saxon.instruct.ApplyTemplates.apply(ApplyTemplates.java:187)
	at net.sf.saxon.instruct.ApplyTemplates.processLeavingTail(ApplyTemplates.java:151)
	at net.sf.saxon.expr.LetExpression.processLeavingTail(LetExpression.java:405)
	at net.sf.saxon.instruct.Block.processLeavingTail(Block.java:365)
	at net.sf.saxon.instruct.Instruction.process(Instruction.java:91)
	at net.sf.saxon.instruct.ElementCreator.processLeavingTail(ElementCreator.java:240)
	at net.sf.saxon.expr.LetExpression.processLeavingTail(LetExpression.java:405)
	at net.sf.saxon.instruct.Template.applyLeavingTail(Template.java:98)
	at net.sf.saxon.instruct.ApplyTemplates.applyTemplates(ApplyTemplates.java:317)
	at net.sf.saxon.instruct.ApplyTemplates.apply(ApplyTemplates.java:187)
	at net.sf.saxon.instruct.ApplyTemplates.processLeavingTail(ApplyTemplates.java:151)
	at net.sf.saxon.instruct.Block.processLeavingTail(Block.java:365)
	at net.sf.saxon.instruct.Instruction.process(Instruction.java:91)
	at net.sf.saxon.instruct.ElementCreator.processLeavingTail(ElementCreator.java:240)
	at net.sf.saxon.instruct.Template.applyLeavingTail(Template.java:98)
	at net.sf.saxon.instruct.ApplyTemplates.applyTemplates(ApplyTemplates.java:317)
	at net.sf.saxon.instruct.ApplyTemplates.apply(ApplyTemplates.java:187)
	at net.sf.saxon.instruct.ApplyTemplates.processLeavingTail(ApplyTemplates.java:151)
	at net.sf.saxon.instruct.Block.processLeavingTail(Block.java:365)
	at net.sf.saxon.instruct.Instruction.process(Instruction.java:91)
	at net.sf.saxon.instruct.ElementCreator.processLeavingTail(ElementCreator.java:240)
	at net.sf.saxon.instruct.Copy.processLeavingTail(Copy.java:152)
	at net.sf.saxon.instruct.Template.applyLeavingTail(Template.java:98)
	at net.sf.saxon.instruct.ApplyTemplates.applyTemplates(ApplyTemplates.java:317)
	at net.sf.saxon.instruct.ApplyTemplates.apply(ApplyTemplates.java:187)
	at net.sf.saxon.instruct.ApplyTemplates.process(ApplyTemplates.java:147)
	at net.sf.saxon.instruct.DocumentInstr.evaluateItem(DocumentInstr.java:243)
	at net.sf.saxon.instruct.DocumentInstr.processLeavingTail(DocumentInstr.java:177)
	at net.sf.saxon.instruct.Block.processLeavingTail(Block.java:365)
	at net.sf.saxon.instruct.Instruction.process(Instruction.java:91)
	at net.sf.saxon.instruct.DocumentInstr.evaluateItem(DocumentInstr.java:243)
	at net.sf.saxon.instruct.Instruction.iterate(Instruction.java:320)
	at net.sf.saxon.expr.ExpressionTool.evaluate(ExpressionTool.java:370)
	at net.sf.saxon.instruct.GlobalVariable.getSelectValue(GlobalVariable.java:180)
	at net.sf.saxon.instruct.GlobalVariable.evaluateVariable(GlobalVariable.java:204)
	at net.sf.saxon.expr.VariableReference.evaluateVariable(VariableReference.java:319)
	at net.sf.saxon.expr.VariableReference.iterate(VariableReference.java:275)
	at net.sf.saxon.expr.PathExpression.iterate(PathExpression.java:826)
	at net.sf.saxon.expr.PathExpression.iterate(PathExpression.java:826)
	at net.sf.saxon.value.Closure.iterate(Closure.java:192)
	at net.sf.saxon.value.Value.getIterator(Value.java:214)
	at net.sf.saxon.instruct.ApplyTemplates$ApplyTemplatesPackage.processLeavingTail(ApplyTemplates.java:486)
	at net.sf.saxon.instruct.ApplyTemplates.defaultAction(ApplyTemplates.java:352)
	at net.sf.saxon.instruct.ApplyTemplates.applyTemplates(ApplyTemplates.java:310)
	at net.sf.saxon.Controller.transformDocument(Controller.java:1705)
	at net.sf.saxon.Controller.transform(Controller.java:1513)
	at net.sf.saxon.Transform.processFile(Transform.java:860)
	at net.sf.saxon.Transform.doTransform(Transform.java:504)
	at net.sf.saxon.Transform.main(Transform.java:60)
	at sun.reflect.NativeMethodAccessorImpl.invoke0(Native Method)
	at sun.reflect.NativeMethodAccessorImpl.invoke(Unknown Source)
	at sun.reflect.DelegatingMethodAccessorImpl.invoke(Unknown Source)
	at java.lang.reflect.Method.invoke(Unknown Source)
	at org.apache.uima.adapter.jms.service.Dd2spring.convertDd2Spring(Dd2spring.java:157)
	at org.apache.uima.adapter.jms.service.Dd2spring.convertDd2Spring(Dd2spring.java:79)
	at org.apache.uima.adapter.jms.client.BaseUIMAAsynchronousEngine_impl.generateSpringContext(BaseUIMAAsynchronousEngine_impl.java:1003)
	at org.apache.uima.adapter.jms.client.BaseUIMAAsynchronousEngine_impl.deploy(BaseUIMAAsynchronousEngine_impl.java:820)
	at org.apache.uima.examples.as.RunRemoteAsyncAE.<init>(RunRemoteAsyncAE.java:174)
	at org.apache.uima.examples.as.RunRemoteAsyncAE.main(RunRemoteAsyncAE.java:313)
	at sun.reflect.NativeMethodAccessorImpl.invoke0(Native Method)
	at sun.reflect.NativeMethodAccessorImpl.invoke(Unknown Source)
	at sun.reflect.DelegatingMethodAccessorImpl.invoke(Unknown Source)
	at java.lang.reflect.Method.invoke(Unknown Source)
	at org.apache.uima.bootstrap.UimaBootstrap.main(UimaBootstrap.java:98)

08:49:49.89 - 1: org.apache.uima.aae.deploymentDescriptor.XsltImportByName.resolveByName: WARNING: 
org.apache.uima.util.InvalidXMLException: An import could not be resolved.  No file with name "descriptors/inputAnnotator.xml" was found in the class path or data path. (Descriptor: <unknown>)
	at org.apache.uima.resource.metadata.impl.Import_impl.findAbsoluteUrl(Import_impl.java:117)
	at org.apache.uima.aae.deploymentDescriptor.XsltImportByName.resolveByName(XsltImportByName.java:39)
	at sun.reflect.NativeMethodAccessorImpl.invoke0(Native Method)
	at sun.reflect.NativeMethodAccessorImpl.invoke(Unknown Source)
	at sun.reflect.DelegatingMethodAccessorImpl.invoke(Unknown Source)
	at java.lang.reflect.Method.invoke(Unknown Source)
	at net.sf.saxon.functions.ExtensionFunctionCall.invokeMethod(ExtensionFunctionCall.java:513)
	at net.sf.saxon.functions.ExtensionFunctionCall.call(ExtensionFunctionCall.java:223)
	at net.sf.saxon.functions.ExtensionFunctionCall.iterate(ExtensionFunctionCall.java:111)
	at net.sf.saxon.functions.Document.iterate(Document.java:90)
	at net.sf.saxon.instruct.Choose.iterate(Choose.java:415)
	at net.sf.saxon.expr.TailCallLoop.iterate(TailCallLoop.java:76)
	at net.sf.saxon.value.Closure.iterate(Closure.java:192)
	at net.sf.saxon.value.Value.asIterator(Value.java:117)
	at net.sf.saxon.expr.TailCallLoop.iterate(TailCallLoop.java:83)
	at net.sf.saxon.value.Closure.iterate(Closure.java:192)
	at net.sf.saxon.value.Value.getIterator(Value.java:214)
	at net.sf.saxon.expr.UserFunctionCall.iterate(UserFunctionCall.java:300)
	at net.sf.saxon.value.MemoClosure.iterate(MemoClosure.java:89)
	at net.sf.saxon.value.Value.getIterator(Value.java:214)
	at net.sf.saxon.expr.VariableReference.iterate(VariableReference.java:276)
	at net.sf.saxon.expr.Expression.effectiveBooleanValue(Expression.java:299)
	at net.sf.saxon.functions.BooleanFn.effectiveBooleanValue(BooleanFn.java:138)
	at net.sf.saxon.instruct.Choose.processLeavingTail(Choose.java:334)
	at net.sf.saxon.instruct.Block.processLeavingTail(Block.java:365)
	at net.sf.saxon.instruct.Instruction.process(Instruction.java:91)
	at net.sf.saxon.expr.LetExpression.process(LetExpression.java:268)
	at net.sf.saxon.instruct.UserFunction.process(UserFunction.java:284)
	at net.sf.saxon.expr.UserFunctionCall.process(UserFunctionCall.java:349)
	at net.sf.saxon.value.MemoClosure.process(MemoClosure.java:177)
	at net.sf.saxon.expr.VariableReference.process(VariableReference.java:306)
	at net.sf.saxon.instruct.Block.processLeavingTail(Block.java:367)
	at net.sf.saxon.instruct.Instruction.process(Instruction.java:91)
	at net.sf.saxon.instruct.ElementCreator.processLeavingTail(ElementCreator.java:240)
	at net.sf.saxon.instruct.Block.processLeavingTail(Block.java:365)
	at net.sf.saxon.instruct.Instruction.process(Instruction.java:91)
	at net.sf.saxon.instruct.ElementCreator.processLeavingTail(ElementCreator.java:240)
	at net.sf.saxon.instruct.Block.processLeavingTail(Block.java:365)
	at net.sf.saxon.expr.LetExpression.processLeavingTail(LetExpression.java:405)
	at net.sf.saxon.instruct.Block.processLeavingTail(Block.java:365)
	at net.sf.saxon.expr.LetExpression.processLeavingTail(LetExpression.java:405)
	at net.sf.saxon.instruct.Block.processLeavingTail(Block.java:365)
	at net.sf.saxon.instruct.Template.applyLeavingTail(Template.java:98)
	at net.sf.saxon.instruct.ApplyTemplates.applyTemplates(ApplyTemplates.java:317)
	at net.sf.saxon.instruct.ApplyTemplates.apply(ApplyTemplates.java:187)
	at net.sf.saxon.instruct.ApplyTemplates.process(ApplyTemplates.java:147)
	at net.sf.saxon.expr.LetExpression.process(LetExpression.java:268)
	at net.sf.saxon.instruct.ForEach.processLeavingTail(ForEach.java:243)
	at net.sf.saxon.instruct.Instruction.process(Instruction.java:91)
	at net.sf.saxon.instruct.ElementCreator.processLeavingTail(ElementCreator.java:240)
	at net.sf.saxon.instruct.Block.processLeavingTail(Block.java:365)
	at net.sf.saxon.expr.LetExpression.processLeavingTail(LetExpression.java:405)
	at net.sf.saxon.instruct.Block.processLeavingTail(Block.java:365)
	at net.sf.saxon.instruct.Template.expand(Template.java:112)
	at net.sf.saxon.instruct.CallTemplate.process(CallTemplate.java:212)
	at net.sf.saxon.instruct.CallTemplate.processLeavingTail(CallTemplate.java:237)
	at net.sf.saxon.instruct.Block.processLeavingTail(Block.java:365)
	at net.sf.saxon.instruct.Choose.processLeavingTail(Choose.java:347)
	at net.sf.saxon.instruct.Block.processLeavingTail(Block.java:365)
	at net.sf.saxon.instruct.Instruction.process(Instruction.java:91)
	at net.sf.saxon.instruct.ElementCreator.processLeavingTail(ElementCreator.java:240)
	at net.sf.saxon.instruct.Block.processLeavingTail(Block.java:365)
	at net.sf.saxon.expr.LetExpression.processLeavingTail(LetExpression.java:405)
	at net.sf.saxon.instruct.Block.processLeavingTail(Block.java:365)
	at net.sf.saxon.expr.LetExpression.processLeavingTail(LetExpression.java:405)
	at net.sf.saxon.instruct.Block.processLeavingTail(Block.java:365)
	at net.sf.saxon.instruct.Template.applyLeavingTail(Template.java:98)
	at net.sf.saxon.instruct.ApplyTemplates.applyTemplates(ApplyTemplates.java:317)
	at net.sf.saxon.instruct.ApplyTemplates.apply(ApplyTemplates.java:187)
	at net.sf.saxon.instruct.ApplyTemplates.processLeavingTail(ApplyTemplates.java:151)
	at net.sf.saxon.expr.LetExpression.processLeavingTail(LetExpression.java:405)
	at net.sf.saxon.instruct.Block.processLeavingTail(Block.java:365)
	at net.sf.saxon.instruct.Instruction.process(Instruction.java:91)
	at net.sf.saxon.instruct.ElementCreator.processLeavingTail(ElementCreator.java:240)
	at net.sf.saxon.expr.LetExpression.processLeavingTail(LetExpression.java:405)
	at net.sf.saxon.instruct.Template.applyLeavingTail(Template.java:98)
	at net.sf.saxon.instruct.ApplyTemplates.applyTemplates(ApplyTemplates.java:317)
	at net.sf.saxon.instruct.ApplyTemplates.apply(ApplyTemplates.java:187)
	at net.sf.saxon.instruct.ApplyTemplates.processLeavingTail(ApplyTemplates.java:151)
	at net.sf.saxon.instruct.Block.processLeavingTail(Block.java:365)
	at net.sf.saxon.instruct.Instruction.process(Instruction.java:91)
	at net.sf.saxon.instruct.ElementCreator.processLeavingTail(ElementCreator.java:240)
	at net.sf.saxon.instruct.Template.applyLeavingTail(Template.java:98)
	at net.sf.saxon.instruct.ApplyTemplates.applyTemplates(ApplyTemplates.java:317)
	at net.sf.saxon.instruct.ApplyTemplates.apply(ApplyTemplates.java:187)
	at net.sf.saxon.instruct.ApplyTemplates.processLeavingTail(ApplyTemplates.java:151)
	at net.sf.saxon.instruct.Block.processLeavingTail(Block.java:365)
	at net.sf.saxon.instruct.Instruction.process(Instruction.java:91)
	at net.sf.saxon.instruct.ElementCreator.processLeavingTail(ElementCreator.java:240)
	at net.sf.saxon.instruct.Copy.processLeavingTail(Copy.java:152)
	at net.sf.saxon.instruct.Template.applyLeavingTail(Template.java:98)
	at net.sf.saxon.instruct.ApplyTemplates.applyTemplates(ApplyTemplates.java:317)
	at net.sf.saxon.instruct.ApplyTemplates.apply(ApplyTemplates.java:187)
	at net.sf.saxon.instruct.ApplyTemplates.process(ApplyTemplates.java:147)
	at net.sf.saxon.instruct.DocumentInstr.evaluateItem(DocumentInstr.java:243)
	at net.sf.saxon.instruct.DocumentInstr.processLeavingTail(DocumentInstr.java:177)
	at net.sf.saxon.instruct.Block.processLeavingTail(Block.java:365)
	at net.sf.saxon.instruct.Instruction.process(Instruction.java:91)
	at net.sf.saxon.instruct.DocumentInstr.evaluateItem(DocumentInstr.java:243)
	at net.sf.saxon.instruct.Instruction.iterate(Instruction.java:320)
	at net.sf.saxon.expr.ExpressionTool.evaluate(ExpressionTool.java:370)
	at net.sf.saxon.instruct.GlobalVariable.getSelectValue(GlobalVariable.java:180)
	at net.sf.saxon.instruct.GlobalVariable.evaluateVariable(GlobalVariable.java:204)
	at net.sf.saxon.expr.VariableReference.evaluateVariable(VariableReference.java:319)
	at net.sf.saxon.expr.VariableReference.iterate(VariableReference.java:275)
	at net.sf.saxon.expr.PathExpression.iterate(PathExpression.java:826)
	at net.sf.saxon.expr.PathExpression.iterate(PathExpression.java:826)
	at net.sf.saxon.value.Closure.iterate(Closure.java:192)
	at net.sf.saxon.value.Value.getIterator(Value.java:214)
	at net.sf.saxon.instruct.ApplyTemplates$ApplyTemplatesPackage.processLeavingTail(ApplyTemplates.java:486)
	at net.sf.saxon.instruct.ApplyTemplates.defaultAction(ApplyTemplates.java:352)
	at net.sf.saxon.instruct.ApplyTemplates.applyTemplates(ApplyTemplates.java:310)
	at net.sf.saxon.Controller.transformDocument(Controller.java:1705)
	at net.sf.saxon.Controller.transform(Controller.java:1513)
	at net.sf.saxon.Transform.processFile(Transform.java:860)
	at net.sf.saxon.Transform.doTransform(Transform.java:504)
	at net.sf.saxon.Transform.main(Transform.java:60)
	at sun.reflect.NativeMethodAccessorImpl.invoke0(Native Method)
	at sun.reflect.NativeMethodAccessorImpl.invoke(Unknown Source)
	at sun.reflect.DelegatingMethodAccessorImpl.invoke(Unknown Source)
	at java.lang.reflect.Method.invoke(Unknown Source)
	at org.apache.uima.adapter.jms.service.Dd2spring.convertDd2Spring(Dd2spring.java:157)
	at org.apache.uima.adapter.jms.service.Dd2spring.convertDd2Spring(Dd2spring.java:79)
	at org.apache.uima.adapter.jms.client.BaseUIMAAsynchronousEngine_impl.generateSpringContext(BaseUIMAAsynchronousEngine_impl.java:1003)
	at org.apache.uima.adapter.jms.client.BaseUIMAAsynchronousEngine_impl.deploy(BaseUIMAAsynchronousEngine_impl.java:820)
	at org.apache.uima.examples.as.RunRemoteAsyncAE.<init>(RunRemoteAsyncAE.java:174)
	at org.apache.uima.examples.as.RunRemoteAsyncAE.main(RunRemoteAsyncAE.java:313)
	at sun.reflect.NativeMethodAccessorImpl.invoke0(Native Method)
	at sun.reflect.NativeMethodAccessorImpl.invoke(Unknown Source)
	at sun.reflect.DelegatingMethodAccessorImpl.invoke(Unknown Source)
	at java.lang.reflect.Method.invoke(Unknown Source)
	at org.apache.uima.bootstrap.UimaBootstrap.main(UimaBootstrap.java:98)

08:49:49.95 - 1: org.apache.uima.aae.deploymentDescriptor.XsltImportByName.resolveByName: WARNING: 
org.apache.uima.util.InvalidXMLException: An import could not be resolved.  No file with name "descriptors/tokenAnnotator.xml" was found in the class path or data path. (Descriptor: <unknown>)
	at org.apache.uima.resource.metadata.impl.Import_impl.findAbsoluteUrl(Import_impl.java:117)
	at org.apache.uima.aae.deploymentDescriptor.XsltImportByName.resolveByName(XsltImportByName.java:39)
	at sun.reflect.NativeMethodAccessorImpl.invoke0(Native Method)
	at sun.reflect.NativeMethodAccessorImpl.invoke(Unknown Source)
	at sun.reflect.DelegatingMethodAccessorImpl.invoke(Unknown Source)
	at java.lang.reflect.Method.invoke(Unknown Source)
	at net.sf.saxon.functions.ExtensionFunctionCall.invokeMethod(ExtensionFunctionCall.java:513)
	at net.sf.saxon.functions.ExtensionFunctionCall.call(ExtensionFunctionCall.java:223)
	at net.sf.saxon.functions.ExtensionFunctionCall.iterate(ExtensionFunctionCall.java:111)
	at net.sf.saxon.instruct.BlockIterator.next(BlockIterator.java:42)
	at net.sf.saxon.value.SequenceExtent.<init>(SequenceExtent.java:98)
	at net.sf.saxon.value.SequenceExtent.makeSequenceExtent(SequenceExtent.java:129)
	at net.sf.saxon.expr.TailCallLoop.iterate(TailCallLoop.java:77)
	at net.sf.saxon.value.Closure.iterate(Closure.java:192)
	at net.sf.saxon.value.Value.getIterator(Value.java:214)
	at net.sf.saxon.expr.UserFunctionCall.iterate(UserFunctionCall.java:300)
	at net.sf.saxon.expr.ExpressionTool.evaluate(ExpressionTool.java:370)
	at net.sf.saxon.expr.LetExpression.eval(LetExpression.java:229)
	at net.sf.saxon.expr.LetExpression.process(LetExpression.java:260)
	at net.sf.saxon.instruct.ForEach.processLeavingTail(ForEach.java:243)
	at net.sf.saxon.instruct.Instruction.process(Instruction.java:91)
	at net.sf.saxon.instruct.ElementCreator.processLeavingTail(ElementCreator.java:240)
	at net.sf.saxon.instruct.Block.processLeavingTail(Block.java:365)
	at net.sf.saxon.expr.LetExpression.processLeavingTail(LetExpression.java:405)
	at net.sf.saxon.instruct.Block.processLeavingTail(Block.java:365)
	at net.sf.saxon.instruct.Template.expand(Template.java:112)
	at net.sf.saxon.instruct.CallTemplate.process(CallTemplate.java:212)
	at net.sf.saxon.instruct.CallTemplate.processLeavingTail(CallTemplate.java:237)
	at net.sf.saxon.instruct.Block.processLeavingTail(Block.java:365)
	at net.sf.saxon.instruct.Choose.processLeavingTail(Choose.java:347)
	at net.sf.saxon.instruct.Block.processLeavingTail(Block.java:365)
	at net.sf.saxon.instruct.Instruction.process(Instruction.java:91)
	at net.sf.saxon.instruct.ElementCreator.processLeavingTail(ElementCreator.java:240)
	at net.sf.saxon.instruct.Block.processLeavingTail(Block.java:365)
	at net.sf.saxon.expr.LetExpression.processLeavingTail(LetExpression.java:405)
	at net.sf.saxon.instruct.Block.processLeavingTail(Block.java:365)
	at net.sf.saxon.expr.LetExpression.processLeavingTail(LetExpression.java:405)
	at net.sf.saxon.instruct.Block.processLeavingTail(Block.java:365)
	at net.sf.saxon.instruct.Template.applyLeavingTail(Template.java:98)
	at net.sf.saxon.instruct.ApplyTemplates.applyTemplates(ApplyTemplates.java:317)
	at net.sf.saxon.instruct.ApplyTemplates.apply(ApplyTemplates.java:187)
	at net.sf.saxon.instruct.ApplyTemplates.processLeavingTail(ApplyTemplates.java:151)
	at net.sf.saxon.expr.LetExpression.processLeavingTail(LetExpression.java:405)
	at net.sf.saxon.instruct.Block.processLeavingTail(Block.java:365)
	at net.sf.saxon.instruct.Instruction.process(Instruction.java:91)
	at net.sf.saxon.instruct.ElementCreator.processLeavingTail(ElementCreator.java:240)
	at net.sf.saxon.expr.LetExpression.processLeavingTail(LetExpression.java:405)
	at net.sf.saxon.instruct.Template.applyLeavingTail(Template.java:98)
	at net.sf.saxon.instruct.ApplyTemplates.applyTemplates(ApplyTemplates.java:317)
	at net.sf.saxon.instruct.ApplyTemplates.apply(ApplyTemplates.java:187)
	at net.sf.saxon.instruct.ApplyTemplates.processLeavingTail(ApplyTemplates.java:151)
	at net.sf.saxon.instruct.Block.processLeavingTail(Block.java:365)
	at net.sf.saxon.instruct.Instruction.process(Instruction.java:91)
	at net.sf.saxon.instruct.ElementCreator.processLeavingTail(ElementCreator.java:240)
	at net.sf.saxon.instruct.Template.applyLeavingTail(Template.java:98)
	at net.sf.saxon.instruct.ApplyTemplates.applyTemplates(ApplyTemplates.java:317)
	at net.sf.saxon.instruct.ApplyTemplates.apply(ApplyTemplates.java:187)
	at net.sf.saxon.instruct.ApplyTemplates.processLeavingTail(ApplyTemplates.java:151)
	at net.sf.saxon.instruct.Block.processLeavingTail(Block.java:365)
	at net.sf.saxon.instruct.Instruction.process(Instruction.java:91)
	at net.sf.saxon.instruct.ElementCreator.processLeavingTail(ElementCreator.java:240)
	at net.sf.saxon.instruct.Copy.processLeavingTail(Copy.java:152)
	at net.sf.saxon.instruct.Template.applyLeavingTail(Template.java:98)
	at net.sf.saxon.instruct.ApplyTemplates.applyTemplates(ApplyTemplates.java:317)
	at net.sf.saxon.instruct.ApplyTemplates.apply(ApplyTemplates.java:187)
	at net.sf.saxon.instruct.ApplyTemplates.process(ApplyTemplates.java:147)
	at net.sf.saxon.instruct.DocumentInstr.evaluateItem(DocumentInstr.java:243)
	at net.sf.saxon.instruct.DocumentInstr.processLeavingTail(DocumentInstr.java:177)
	at net.sf.saxon.instruct.Block.processLeavingTail(Block.java:365)
	at net.sf.saxon.instruct.Instruction.process(Instruction.java:91)
	at net.sf.saxon.instruct.DocumentInstr.evaluateItem(DocumentInstr.java:243)
	at net.sf.saxon.instruct.Instruction.iterate(Instruction.java:320)
	at net.sf.saxon.expr.ExpressionTool.evaluate(ExpressionTool.java:370)
	at net.sf.saxon.instruct.GlobalVariable.getSelectValue(GlobalVariable.java:180)
	at net.sf.saxon.instruct.GlobalVariable.evaluateVariable(GlobalVariable.java:204)
	at net.sf.saxon.expr.VariableReference.evaluateVariable(VariableReference.java:319)
	at net.sf.saxon.expr.VariableReference.iterate(VariableReference.java:275)
	at net.sf.saxon.expr.PathExpression.iterate(PathExpression.java:826)
	at net.sf.saxon.expr.PathExpression.iterate(PathExpression.java:826)
	at net.sf.saxon.value.Closure.iterate(Closure.java:192)
	at net.sf.saxon.value.Value.getIterator(Value.java:214)
	at net.sf.saxon.instruct.ApplyTemplates$ApplyTemplatesPackage.processLeavingTail(ApplyTemplates.java:486)
	at net.sf.saxon.instruct.ApplyTemplates.defaultAction(ApplyTemplates.java:352)
	at net.sf.saxon.instruct.ApplyTemplates.applyTemplates(ApplyTemplates.java:310)
	at net.sf.saxon.Controller.transformDocument(Controller.java:1705)
	at net.sf.saxon.Controller.transform(Controller.java:1513)
	at net.sf.saxon.Transform.processFile(Transform.java:860)
	at net.sf.saxon.Transform.doTransform(Transform.java:504)
	at net.sf.saxon.Transform.main(Transform.java:60)
	at sun.reflect.NativeMethodAccessorImpl.invoke0(Native Method)
	at sun.reflect.NativeMethodAccessorImpl.invoke(Unknown Source)
	at sun.reflect.DelegatingMethodAccessorImpl.invoke(Unknown Source)
	at java.lang.reflect.Method.invoke(Unknown Source)
	at org.apache.uima.adapter.jms.service.Dd2spring.convertDd2Spring(Dd2spring.java:157)
	at org.apache.uima.adapter.jms.service.Dd2spring.convertDd2Spring(Dd2spring.java:79)
	at org.apache.uima.adapter.jms.client.BaseUIMAAsynchronousEngine_impl.generateSpringContext(BaseUIMAAsynchronousEngine_impl.java:1003)
	at org.apache.uima.adapter.jms.client.BaseUIMAAsynchronousEngine_impl.deploy(BaseUIMAAsynchronousEngine_impl.java:820)
	at org.apache.uima.examples.as.RunRemoteAsyncAE.<init>(RunRemoteAsyncAE.java:174)
	at org.apache.uima.examples.as.RunRemoteAsyncAE.main(RunRemoteAsyncAE.java:313)
	at sun.reflect.NativeMethodAccessorImpl.invoke0(Native Method)
	at sun.reflect.NativeMethodAccessorImpl.invoke(Unknown Source)
	at sun.reflect.DelegatingMethodAccessorImpl.invoke(Unknown Source)
	at java.lang.reflect.Method.invoke(Unknown Source)
	at org.apache.uima.bootstrap.UimaBootstrap.main(UimaBootstrap.java:98)

08:49:49.98 - 1: org.apache.uima.aae.deploymentDescriptor.XsltImportByName.resolveByName: WARNING: 
org.apache.uima.util.InvalidXMLException: An import could not be resolved.  No file with name "descriptors/tokenAnnotator.xml" was found in the class path or data path. (Descriptor: <unknown>)
	at org.apache.uima.resource.metadata.impl.Import_impl.findAbsoluteUrl(Import_impl.java:117)
	at org.apache.uima.aae.deploymentDescriptor.XsltImportByName.resolveByName(XsltImportByName.java:39)
	at sun.reflect.NativeMethodAccessorImpl.invoke0(Native Method)
	at sun.reflect.NativeMethodAccessorImpl.invoke(Unknown Source)
	at sun.reflect.DelegatingMethodAccessorImpl.invoke(Unknown Source)
	at java.lang.reflect.Method.invoke(Unknown Source)
	at net.sf.saxon.functions.ExtensionFunctionCall.invokeMethod(ExtensionFunctionCall.java:513)
	at net.sf.saxon.functions.ExtensionFunctionCall.call(ExtensionFunctionCall.java:223)
	at net.sf.saxon.functions.ExtensionFunctionCall.iterate(ExtensionFunctionCall.java:111)
	at net.sf.saxon.functions.Document.iterate(Document.java:90)
	at net.sf.saxon.instruct.Choose.iterate(Choose.java:415)
	at net.sf.saxon.expr.TailCallLoop.iterate(TailCallLoop.java:76)
	at net.sf.saxon.value.Closure.iterate(Closure.java:192)
	at net.sf.saxon.value.Value.asIterator(Value.java:117)
	at net.sf.saxon.expr.TailCallLoop.iterate(TailCallLoop.java:83)
	at net.sf.saxon.value.Closure.iterate(Closure.java:192)
	at net.sf.saxon.value.Value.getIterator(Value.java:214)
	at net.sf.saxon.expr.UserFunctionCall.iterate(UserFunctionCall.java:300)
	at net.sf.saxon.value.MemoClosure.iterate(MemoClosure.java:89)
	at net.sf.saxon.value.Value.getIterator(Value.java:214)
	at net.sf.saxon.expr.VariableReference.iterate(VariableReference.java:276)
	at net.sf.saxon.expr.Expression.effectiveBooleanValue(Expression.java:299)
	at net.sf.saxon.functions.BooleanFn.effectiveBooleanValue(BooleanFn.java:138)
	at net.sf.saxon.instruct.Choose.processLeavingTail(Choose.java:334)
	at net.sf.saxon.instruct.Block.processLeavingTail(Block.java:365)
	at net.sf.saxon.instruct.Instruction.process(Instruction.java:91)
	at net.sf.saxon.expr.LetExpression.process(LetExpression.java:268)
	at net.sf.saxon.instruct.UserFunction.process(UserFunction.java:284)
	at net.sf.saxon.expr.UserFunctionCall.process(UserFunctionCall.java:349)
	at net.sf.saxon.value.MemoClosure.process(MemoClosure.java:177)
	at net.sf.saxon.expr.VariableReference.process(VariableReference.java:306)
	at net.sf.saxon.instruct.Block.processLeavingTail(Block.java:367)
	at net.sf.saxon.instruct.Instruction.process(Instruction.java:91)
	at net.sf.saxon.instruct.ElementCreator.processLeavingTail(ElementCreator.java:240)
	at net.sf.saxon.instruct.Block.processLeavingTail(Block.java:365)
	at net.sf.saxon.instruct.Instruction.process(Instruction.java:91)
	at net.sf.saxon.instruct.ElementCreator.processLeavingTail(ElementCreator.java:240)
	at net.sf.saxon.instruct.Block.processLeavingTail(Block.java:365)
	at net.sf.saxon.expr.LetExpression.processLeavingTail(LetExpression.java:405)
	at net.sf.saxon.instruct.Block.processLeavingTail(Block.java:365)
	at net.sf.saxon.expr.LetExpression.processLeavingTail(LetExpression.java:405)
	at net.sf.saxon.instruct.Block.processLeavingTail(Block.java:365)
	at net.sf.saxon.instruct.Template.applyLeavingTail(Template.java:98)
	at net.sf.saxon.instruct.ApplyTemplates.applyTemplates(ApplyTemplates.java:317)
	at net.sf.saxon.instruct.ApplyTemplates.apply(ApplyTemplates.java:187)
	at net.sf.saxon.instruct.ApplyTemplates.process(ApplyTemplates.java:147)
	at net.sf.saxon.expr.LetExpression.process(LetExpression.java:268)
	at net.sf.saxon.instruct.ForEach.processLeavingTail(ForEach.java:243)
	at net.sf.saxon.instruct.Instruction.process(Instruction.java:91)
	at net.sf.saxon.instruct.ElementCreator.processLeavingTail(ElementCreator.java:240)
	at net.sf.saxon.instruct.Block.processLeavingTail(Block.java:365)
	at net.sf.saxon.expr.LetExpression.processLeavingTail(LetExpression.java:405)
	at net.sf.saxon.instruct.Block.processLeavingTail(Block.java:365)
	at net.sf.saxon.instruct.Template.expand(Template.java:112)
	at net.sf.saxon.instruct.CallTemplate.process(CallTemplate.java:212)
	at net.sf.saxon.instruct.CallTemplate.processLeavingTail(CallTemplate.java:237)
	at net.sf.saxon.instruct.Block.processLeavingTail(Block.java:365)
	at net.sf.saxon.instruct.Choose.processLeavingTail(Choose.java:347)
	at net.sf.saxon.instruct.Block.processLeavingTail(Block.java:365)
	at net.sf.saxon.instruct.Instruction.process(Instruction.java:91)
	at net.sf.saxon.instruct.ElementCreator.processLeavingTail(ElementCreator.java:240)
	at net.sf.saxon.instruct.Block.processLeavingTail(Block.java:365)
	at net.sf.saxon.expr.LetExpression.processLeavingTail(LetExpression.java:405)
	at net.sf.saxon.instruct.Block.processLeavingTail(Block.java:365)
	at net.sf.saxon.expr.LetExpression.processLeavingTail(LetExpression.java:405)
	at net.sf.saxon.instruct.Block.processLeavingTail(Block.java:365)
	at net.sf.saxon.instruct.Template.applyLeavingTail(Template.java:98)
	at net.sf.saxon.instruct.ApplyTemplates.applyTemplates(ApplyTemplates.java:317)
	at net.sf.saxon.instruct.ApplyTemplates.apply(ApplyTemplates.java:187)
	at net.sf.saxon.instruct.ApplyTemplates.processLeavingTail(ApplyTemplates.java:151)
	at net.sf.saxon.expr.LetExpression.processLeavingTail(LetExpression.java:405)
	at net.sf.saxon.instruct.Block.processLeavingTail(Block.java:365)
	at net.sf.saxon.instruct.Instruction.process(Instruction.java:91)
	at net.sf.saxon.instruct.ElementCreator.processLeavingTail(ElementCreator.java:240)
	at net.sf.saxon.expr.LetExpression.processLeavingTail(LetExpression.java:405)
	at net.sf.saxon.instruct.Template.applyLeavingTail(Template.java:98)
	at net.sf.saxon.instruct.ApplyTemplates.applyTemplates(ApplyTemplates.java:317)
	at net.sf.saxon.instruct.ApplyTemplates.apply(ApplyTemplates.java:187)
	at net.sf.saxon.instruct.ApplyTemplates.processLeavingTail(ApplyTemplates.java:151)
	at net.sf.saxon.instruct.Block.processLeavingTail(Block.java:365)
	at net.sf.saxon.instruct.Instruction.process(Instruction.java:91)
	at net.sf.saxon.instruct.ElementCreator.processLeavingTail(ElementCreator.java:240)
	at net.sf.saxon.instruct.Template.applyLeavingTail(Template.java:98)
	at net.sf.saxon.instruct.ApplyTemplates.applyTemplates(ApplyTemplates.java:317)
	at net.sf.saxon.instruct.ApplyTemplates.apply(ApplyTemplates.java:187)
	at net.sf.saxon.instruct.ApplyTemplates.processLeavingTail(ApplyTemplates.java:151)
	at net.sf.saxon.instruct.Block.processLeavingTail(Block.java:365)
	at net.sf.saxon.instruct.Instruction.process(Instruction.java:91)
	at net.sf.saxon.instruct.ElementCreator.processLeavingTail(ElementCreator.java:240)
	at net.sf.saxon.instruct.Copy.processLeavingTail(Copy.java:152)
	at net.sf.saxon.instruct.Template.applyLeavingTail(Template.java:98)
	at net.sf.saxon.instruct.ApplyTemplates.applyTemplates(ApplyTemplates.java:317)
	at net.sf.saxon.instruct.ApplyTemplates.apply(ApplyTemplates.java:187)
	at net.sf.saxon.instruct.ApplyTemplates.process(ApplyTemplates.java:147)
	at net.sf.saxon.instruct.DocumentInstr.evaluateItem(DocumentInstr.java:243)
	at net.sf.saxon.instruct.DocumentInstr.processLeavingTail(DocumentInstr.java:177)
	at net.sf.saxon.instruct.Block.processLeavingTail(Block.java:365)
	at net.sf.saxon.instruct.Instruction.process(Instruction.java:91)
	at net.sf.saxon.instruct.DocumentInstr.evaluateItem(DocumentInstr.java:243)
	at net.sf.saxon.instruct.Instruction.iterate(Instruction.java:320)
	at net.sf.saxon.expr.ExpressionTool.evaluate(ExpressionTool.java:370)
	at net.sf.saxon.instruct.GlobalVariable.getSelectValue(GlobalVariable.java:180)
	at net.sf.saxon.instruct.GlobalVariable.evaluateVariable(GlobalVariable.java:204)
	at net.sf.saxon.expr.VariableReference.evaluateVariable(VariableReference.java:319)
	at net.sf.saxon.expr.VariableReference.iterate(VariableReference.java:275)
	at net.sf.saxon.expr.PathExpression.iterate(PathExpression.java:826)
	at net.sf.saxon.expr.PathExpression.iterate(PathExpression.java:826)
	at net.sf.saxon.value.Closure.iterate(Closure.java:192)
	at net.sf.saxon.value.Value.getIterator(Value.java:214)
	at net.sf.saxon.instruct.ApplyTemplates$ApplyTemplatesPackage.processLeavingTail(ApplyTemplates.java:486)
	at net.sf.saxon.instruct.ApplyTemplates.defaultAction(ApplyTemplates.java:352)
	at net.sf.saxon.instruct.ApplyTemplates.applyTemplates(ApplyTemplates.java:310)
	at net.sf.saxon.Controller.transformDocument(Controller.java:1705)
	at net.sf.saxon.Controller.transform(Controller.java:1513)
	at net.sf.saxon.Transform.processFile(Transform.java:860)
	at net.sf.saxon.Transform.doTransform(Transform.java:504)
	at net.sf.saxon.Transform.main(Transform.java:60)
	at sun.reflect.NativeMethodAccessorImpl.invoke0(Native Method)
	at sun.reflect.NativeMethodAccessorImpl.invoke(Unknown Source)
	at sun.reflect.DelegatingMethodAccessorImpl.invoke(Unknown Source)
	at java.lang.reflect.Method.invoke(Unknown Source)
	at org.apache.uima.adapter.jms.service.Dd2spring.convertDd2Spring(Dd2spring.java:157)
	at org.apache.uima.adapter.jms.service.Dd2spring.convertDd2Spring(Dd2spring.java:79)
	at org.apache.uima.adapter.jms.client.BaseUIMAAsynchronousEngine_impl.generateSpringContext(BaseUIMAAsynchronousEngine_impl.java:1003)
	at org.apache.uima.adapter.jms.client.BaseUIMAAsynchronousEngine_impl.deploy(BaseUIMAAsynchronousEngine_impl.java:820)
	at org.apache.uima.examples.as.RunRemoteAsyncAE.<init>(RunRemoteAsyncAE.java:174)
	at org.apache.uima.examples.as.RunRemoteAsyncAE.main(RunRemoteAsyncAE.java:313)
	at sun.reflect.NativeMethodAccessorImpl.invoke0(Native Method)
	at sun.reflect.NativeMethodAccessorImpl.invoke(Unknown Source)
	at sun.reflect.DelegatingMethodAccessorImpl.invoke(Unknown Source)
	at java.lang.reflect.Method.invoke(Unknown Source)
	at org.apache.uima.bootstrap.UimaBootstrap.main(UimaBootstrap.java:98)

08:49:49.103 - 1: org.apache.uima.aae.deploymentDescriptor.XsltImportByName.resolveByName: WARNING: 
org.apache.uima.util.InvalidXMLException: An import could not be resolved.  No file with name "descriptors/nGramAnnotator.xml" was found in the class path or data path. (Descriptor: <unknown>)
	at org.apache.uima.resource.metadata.impl.Import_impl.findAbsoluteUrl(Import_impl.java:117)
	at org.apache.uima.aae.deploymentDescriptor.XsltImportByName.resolveByName(XsltImportByName.java:39)
	at sun.reflect.NativeMethodAccessorImpl.invoke0(Native Method)
	at sun.reflect.NativeMethodAccessorImpl.invoke(Unknown Source)
	at sun.reflect.DelegatingMethodAccessorImpl.invoke(Unknown Source)
	at java.lang.reflect.Method.invoke(Unknown Source)
	at net.sf.saxon.functions.ExtensionFunctionCall.invokeMethod(ExtensionFunctionCall.java:513)
	at net.sf.saxon.functions.ExtensionFunctionCall.call(ExtensionFunctionCall.java:223)
	at net.sf.saxon.functions.ExtensionFunctionCall.iterate(ExtensionFunctionCall.java:111)
	at net.sf.saxon.instruct.BlockIterator.next(BlockIterator.java:42)
	at net.sf.saxon.value.SequenceExtent.<init>(SequenceExtent.java:98)
	at net.sf.saxon.value.SequenceExtent.makeSequenceExtent(SequenceExtent.java:129)
	at net.sf.saxon.expr.TailCallLoop.iterate(TailCallLoop.java:77)
	at net.sf.saxon.value.Closure.iterate(Closure.java:192)
	at net.sf.saxon.value.Value.getIterator(Value.java:214)
	at net.sf.saxon.expr.UserFunctionCall.iterate(UserFunctionCall.java:300)
	at net.sf.saxon.expr.ExpressionTool.evaluate(ExpressionTool.java:370)
	at net.sf.saxon.expr.LetExpression.eval(LetExpression.java:229)
	at net.sf.saxon.expr.LetExpression.process(LetExpression.java:260)
	at net.sf.saxon.instruct.ForEach.processLeavingTail(ForEach.java:243)
	at net.sf.saxon.instruct.Instruction.process(Instruction.java:91)
	at net.sf.saxon.instruct.ElementCreator.processLeavingTail(ElementCreator.java:240)
	at net.sf.saxon.instruct.Block.processLeavingTail(Block.java:365)
	at net.sf.saxon.expr.LetExpression.processLeavingTail(LetExpression.java:405)
	at net.sf.saxon.instruct.Block.processLeavingTail(Block.java:365)
	at net.sf.saxon.instruct.Template.expand(Template.java:112)
	at net.sf.saxon.instruct.CallTemplate.process(CallTemplate.java:212)
	at net.sf.saxon.instruct.CallTemplate.processLeavingTail(CallTemplate.java:237)
	at net.sf.saxon.instruct.Block.processLeavingTail(Block.java:365)
	at net.sf.saxon.instruct.Choose.processLeavingTail(Choose.java:347)
	at net.sf.saxon.instruct.Block.processLeavingTail(Block.java:365)
	at net.sf.saxon.instruct.Instruction.process(Instruction.java:91)
	at net.sf.saxon.instruct.ElementCreator.processLeavingTail(ElementCreator.java:240)
	at net.sf.saxon.instruct.Block.processLeavingTail(Block.java:365)
	at net.sf.saxon.expr.LetExpression.processLeavingTail(LetExpression.java:405)
	at net.sf.saxon.instruct.Block.processLeavingTail(Block.java:365)
	at net.sf.saxon.expr.LetExpression.processLeavingTail(LetExpression.java:405)
	at net.sf.saxon.instruct.Block.processLeavingTail(Block.java:365)
	at net.sf.saxon.instruct.Template.applyLeavingTail(Template.java:98)
	at net.sf.saxon.instruct.ApplyTemplates.applyTemplates(ApplyTemplates.java:317)
	at net.sf.saxon.instruct.ApplyTemplates.apply(ApplyTemplates.java:187)
	at net.sf.saxon.instruct.ApplyTemplates.processLeavingTail(ApplyTemplates.java:151)
	at net.sf.saxon.expr.LetExpression.processLeavingTail(LetExpression.java:405)
	at net.sf.saxon.instruct.Block.processLeavingTail(Block.java:365)
	at net.sf.saxon.instruct.Instruction.process(Instruction.java:91)
	at net.sf.saxon.instruct.ElementCreator.processLeavingTail(ElementCreator.java:240)
	at net.sf.saxon.expr.LetExpression.processLeavingTail(LetExpression.java:405)
	at net.sf.saxon.instruct.Template.applyLeavingTail(Template.java:98)
	at net.sf.saxon.instruct.ApplyTemplates.applyTemplates(ApplyTemplates.java:317)
	at net.sf.saxon.instruct.ApplyTemplates.apply(ApplyTemplates.java:187)
	at net.sf.saxon.instruct.ApplyTemplates.processLeavingTail(ApplyTemplates.java:151)
	at net.sf.saxon.instruct.Block.processLeavingTail(Block.java:365)
	at net.sf.saxon.instruct.Instruction.process(Instruction.java:91)
	at net.sf.saxon.instruct.ElementCreator.processLeavingTail(ElementCreator.java:240)
	at net.sf.saxon.instruct.Template.applyLeavingTail(Template.java:98)
	at net.sf.saxon.instruct.ApplyTemplates.applyTemplates(ApplyTemplates.java:317)
	at net.sf.saxon.instruct.ApplyTemplates.apply(ApplyTemplates.java:187)
	at net.sf.saxon.instruct.ApplyTemplates.processLeavingTail(ApplyTemplates.java:151)
	at net.sf.saxon.instruct.Block.processLeavingTail(Block.java:365)
	at net.sf.saxon.instruct.Instruction.process(Instruction.java:91)
	at net.sf.saxon.instruct.ElementCreator.processLeavingTail(ElementCreator.java:240)
	at net.sf.saxon.instruct.Copy.processLeavingTail(Copy.java:152)
	at net.sf.saxon.instruct.Template.applyLeavingTail(Template.java:98)
	at net.sf.saxon.instruct.ApplyTemplates.applyTemplates(ApplyTemplates.java:317)
	at net.sf.saxon.instruct.ApplyTemplates.apply(ApplyTemplates.java:187)
	at net.sf.saxon.instruct.ApplyTemplates.process(ApplyTemplates.java:147)
	at net.sf.saxon.instruct.DocumentInstr.evaluateItem(DocumentInstr.java:243)
	at net.sf.saxon.instruct.DocumentInstr.processLeavingTail(DocumentInstr.java:177)
	at net.sf.saxon.instruct.Block.processLeavingTail(Block.java:365)
	at net.sf.saxon.instruct.Instruction.process(Instruction.java:91)
	at net.sf.saxon.instruct.DocumentInstr.evaluateItem(DocumentInstr.java:243)
	at net.sf.saxon.instruct.Instruction.iterate(Instruction.java:320)
	at net.sf.saxon.expr.ExpressionTool.evaluate(ExpressionTool.java:370)
	at net.sf.saxon.instruct.GlobalVariable.getSelectValue(GlobalVariable.java:180)
	at net.sf.saxon.instruct.GlobalVariable.evaluateVariable(GlobalVariable.java:204)
	at net.sf.saxon.expr.VariableReference.evaluateVariable(VariableReference.java:319)
	at net.sf.saxon.expr.VariableReference.iterate(VariableReference.java:275)
	at net.sf.saxon.expr.PathExpression.iterate(PathExpression.java:826)
	at net.sf.saxon.expr.PathExpression.iterate(PathExpression.java:826)
	at net.sf.saxon.value.Closure.iterate(Closure.java:192)
	at net.sf.saxon.value.Value.getIterator(Value.java:214)
	at net.sf.saxon.instruct.ApplyTemplates$ApplyTemplatesPackage.processLeavingTail(ApplyTemplates.java:486)
	at net.sf.saxon.instruct.ApplyTemplates.defaultAction(ApplyTemplates.java:352)
	at net.sf.saxon.instruct.ApplyTemplates.applyTemplates(ApplyTemplates.java:310)
	at net.sf.saxon.Controller.transformDocument(Controller.java:1705)
	at net.sf.saxon.Controller.transform(Controller.java:1513)
	at net.sf.saxon.Transform.processFile(Transform.java:860)
	at net.sf.saxon.Transform.doTransform(Transform.java:504)
	at net.sf.saxon.Transform.main(Transform.java:60)
	at sun.reflect.NativeMethodAccessorImpl.invoke0(Native Method)
	at sun.reflect.NativeMethodAccessorImpl.invoke(Unknown Source)
	at sun.reflect.DelegatingMethodAccessorImpl.invoke(Unknown Source)
	at java.lang.reflect.Method.invoke(Unknown Source)
	at org.apache.uima.adapter.jms.service.Dd2spring.convertDd2Spring(Dd2spring.java:157)
	at org.apache.uima.adapter.jms.service.Dd2spring.convertDd2Spring(Dd2spring.java:79)
	at org.apache.uima.adapter.jms.client.BaseUIMAAsynchronousEngine_impl.generateSpringContext(BaseUIMAAsynchronousEngine_impl.java:1003)
	at org.apache.uima.adapter.jms.client.BaseUIMAAsynchronousEngine_impl.deploy(BaseUIMAAsynchronousEngine_impl.java:820)
	at org.apache.uima.examples.as.RunRemoteAsyncAE.<init>(RunRemoteAsyncAE.java:174)
	at org.apache.uima.examples.as.RunRemoteAsyncAE.main(RunRemoteAsyncAE.java:313)
	at sun.reflect.NativeMethodAccessorImpl.invoke0(Native Method)
	at sun.reflect.NativeMethodAccessorImpl.invoke(Unknown Source)
	at sun.reflect.DelegatingMethodAccessorImpl.invoke(Unknown Source)
	at java.lang.reflect.Method.invoke(Unknown Source)
	at org.apache.uima.bootstrap.UimaBootstrap.main(UimaBootstrap.java:98)

08:49:49.105 - 1: org.apache.uima.aae.deploymentDescriptor.XsltImportByName.resolveByName: WARNING: 
org.apache.uima.util.InvalidXMLException: An import could not be resolved.  No file with name "descriptors/nGramAnnotator.xml" was found in the class path or data path. (Descriptor: <unknown>)
	at org.apache.uima.resource.metadata.impl.Import_impl.findAbsoluteUrl(Import_impl.java:117)
	at org.apache.uima.aae.deploymentDescriptor.XsltImportByName.resolveByName(XsltImportByName.java:39)
	at sun.reflect.NativeMethodAccessorImpl.invoke0(Native Method)
	at sun.reflect.NativeMethodAccessorImpl.invoke(Unknown Source)
	at sun.reflect.DelegatingMethodAccessorImpl.invoke(Unknown Source)
	at java.lang.reflect.Method.invoke(Unknown Source)
	at net.sf.saxon.functions.ExtensionFunctionCall.invokeMethod(ExtensionFunctionCall.java:513)
	at net.sf.saxon.functions.ExtensionFunctionCall.call(ExtensionFunctionCall.java:223)
	at net.sf.saxon.functions.ExtensionFunctionCall.iterate(ExtensionFunctionCall.java:111)
	at net.sf.saxon.functions.Document.iterate(Document.java:90)
	at net.sf.saxon.instruct.Choose.iterate(Choose.java:415)
	at net.sf.saxon.expr.TailCallLoop.iterate(TailCallLoop.java:76)
	at net.sf.saxon.value.Closure.iterate(Closure.java:192)
	at net.sf.saxon.value.Value.asIterator(Value.java:117)
	at net.sf.saxon.expr.TailCallLoop.iterate(TailCallLoop.java:83)
	at net.sf.saxon.value.Closure.iterate(Closure.java:192)
	at net.sf.saxon.value.Value.getIterator(Value.java:214)
	at net.sf.saxon.expr.UserFunctionCall.iterate(UserFunctionCall.java:300)
	at net.sf.saxon.value.MemoClosure.iterate(MemoClosure.java:89)
	at net.sf.saxon.value.Value.getIterator(Value.java:214)
	at net.sf.saxon.expr.VariableReference.iterate(VariableReference.java:276)
	at net.sf.saxon.expr.Expression.effectiveBooleanValue(Expression.java:299)
	at net.sf.saxon.functions.BooleanFn.effectiveBooleanValue(BooleanFn.java:138)
	at net.sf.saxon.instruct.Choose.processLeavingTail(Choose.java:334)
	at net.sf.saxon.instruct.Block.processLeavingTail(Block.java:365)
	at net.sf.saxon.instruct.Instruction.process(Instruction.java:91)
	at net.sf.saxon.expr.LetExpression.process(LetExpression.java:268)
	at net.sf.saxon.instruct.UserFunction.process(UserFunction.java:284)
	at net.sf.saxon.expr.UserFunctionCall.process(UserFunctionCall.java:349)
	at net.sf.saxon.value.MemoClosure.process(MemoClosure.java:177)
	at net.sf.saxon.expr.VariableReference.process(VariableReference.java:306)
	at net.sf.saxon.instruct.Block.processLeavingTail(Block.java:367)
	at net.sf.saxon.instruct.Instruction.process(Instruction.java:91)
	at net.sf.saxon.instruct.ElementCreator.processLeavingTail(ElementCreator.java:240)
	at net.sf.saxon.instruct.Block.processLeavingTail(Block.java:365)
	at net.sf.saxon.instruct.Instruction.process(Instruction.java:91)
	at net.sf.saxon.instruct.ElementCreator.processLeavingTail(ElementCreator.java:240)
	at net.sf.saxon.instruct.Block.processLeavingTail(Block.java:365)
	at net.sf.saxon.expr.LetExpression.processLeavingTail(LetExpression.java:405)
	at net.sf.saxon.instruct.Block.processLeavingTail(Block.java:365)
	at net.sf.saxon.expr.LetExpression.processLeavingTail(LetExpression.java:405)
	at net.sf.saxon.instruct.Block.processLeavingTail(Block.java:365)
	at net.sf.saxon.instruct.Template.applyLeavingTail(Template.java:98)
	at net.sf.saxon.instruct.ApplyTemplates.applyTemplates(ApplyTemplates.java:317)
	at net.sf.saxon.instruct.ApplyTemplates.apply(ApplyTemplates.java:187)
	at net.sf.saxon.instruct.ApplyTemplates.process(ApplyTemplates.java:147)
	at net.sf.saxon.expr.LetExpression.process(LetExpression.java:268)
	at net.sf.saxon.instruct.ForEach.processLeavingTail(ForEach.java:243)
	at net.sf.saxon.instruct.Instruction.process(Instruction.java:91)
	at net.sf.saxon.instruct.ElementCreator.processLeavingTail(ElementCreator.java:240)
	at net.sf.saxon.instruct.Block.processLeavingTail(Block.java:365)
	at net.sf.saxon.expr.LetExpression.processLeavingTail(LetExpression.java:405)
	at net.sf.saxon.instruct.Block.processLeavingTail(Block.java:365)
	at net.sf.saxon.instruct.Template.expand(Template.java:112)
	at net.sf.saxon.instruct.CallTemplate.process(CallTemplate.java:212)
	at net.sf.saxon.instruct.CallTemplate.processLeavingTail(CallTemplate.java:237)
	at net.sf.saxon.instruct.Block.processLeavingTail(Block.java:365)
	at net.sf.saxon.instruct.Choose.processLeavingTail(Choose.java:347)
	at net.sf.saxon.instruct.Block.processLeavingTail(Block.java:365)
	at net.sf.saxon.instruct.Instruction.process(Instruction.java:91)
	at net.sf.saxon.instruct.ElementCreator.processLeavingTail(ElementCreator.java:240)
	at net.sf.saxon.instruct.Block.processLeavingTail(Block.java:365)
	at net.sf.saxon.expr.LetExpression.processLeavingTail(LetExpression.java:405)
	at net.sf.saxon.instruct.Block.processLeavingTail(Block.java:365)
	at net.sf.saxon.expr.LetExpression.processLeavingTail(LetExpression.java:405)
	at net.sf.saxon.instruct.Block.processLeavingTail(Block.java:365)
	at net.sf.saxon.instruct.Template.applyLeavingTail(Template.java:98)
	at net.sf.saxon.instruct.ApplyTemplates.applyTemplates(ApplyTemplates.java:317)
	at net.sf.saxon.instruct.ApplyTemplates.apply(ApplyTemplates.java:187)
	at net.sf.saxon.instruct.ApplyTemplates.processLeavingTail(ApplyTemplates.java:151)
	at net.sf.saxon.expr.LetExpression.processLeavingTail(LetExpression.java:405)
	at net.sf.saxon.instruct.Block.processLeavingTail(Block.java:365)
	at net.sf.saxon.instruct.Instruction.process(Instruction.java:91)
	at net.sf.saxon.instruct.ElementCreator.processLeavingTail(ElementCreator.java:240)
	at net.sf.saxon.expr.LetExpression.processLeavingTail(LetExpression.java:405)
	at net.sf.saxon.instruct.Template.applyLeavingTail(Template.java:98)
	at net.sf.saxon.instruct.ApplyTemplates.applyTemplates(ApplyTemplates.java:317)
	at net.sf.saxon.instruct.ApplyTemplates.apply(ApplyTemplates.java:187)
	at net.sf.saxon.instruct.ApplyTemplates.processLeavingTail(ApplyTemplates.java:151)
	at net.sf.saxon.instruct.Block.processLeavingTail(Block.java:365)
	at net.sf.saxon.instruct.Instruction.process(Instruction.java:91)
	at net.sf.saxon.instruct.ElementCreator.processLeavingTail(ElementCreator.java:240)
	at net.sf.saxon.instruct.Template.applyLeavingTail(Template.java:98)
	at net.sf.saxon.instruct.ApplyTemplates.applyTemplates(ApplyTemplates.java:317)
	at net.sf.saxon.instruct.ApplyTemplates.apply(ApplyTemplates.java:187)
	at net.sf.saxon.instruct.ApplyTemplates.processLeavingTail(ApplyTemplates.java:151)
	at net.sf.saxon.instruct.Block.processLeavingTail(Block.java:365)
	at net.sf.saxon.instruct.Instruction.process(Instruction.java:91)
	at net.sf.saxon.instruct.ElementCreator.processLeavingTail(ElementCreator.java:240)
	at net.sf.saxon.instruct.Copy.processLeavingTail(Copy.java:152)
	at net.sf.saxon.instruct.Template.applyLeavingTail(Template.java:98)
	at net.sf.saxon.instruct.ApplyTemplates.applyTemplates(ApplyTemplates.java:317)
	at net.sf.saxon.instruct.ApplyTemplates.apply(ApplyTemplates.java:187)
	at net.sf.saxon.instruct.ApplyTemplates.process(ApplyTemplates.java:147)
	at net.sf.saxon.instruct.DocumentInstr.evaluateItem(DocumentInstr.java:243)
	at net.sf.saxon.instruct.DocumentInstr.processLeavingTail(DocumentInstr.java:177)
	at net.sf.saxon.instruct.Block.processLeavingTail(Block.java:365)
	at net.sf.saxon.instruct.Instruction.process(Instruction.java:91)
	at net.sf.saxon.instruct.DocumentInstr.evaluateItem(DocumentInstr.java:243)
	at net.sf.saxon.instruct.Instruction.iterate(Instruction.java:320)
	at net.sf.saxon.expr.ExpressionTool.evaluate(ExpressionTool.java:370)
	at net.sf.saxon.instruct.GlobalVariable.getSelectValue(GlobalVariable.java:180)
	at net.sf.saxon.instruct.GlobalVariable.evaluateVariable(GlobalVariable.java:204)
	at net.sf.saxon.expr.VariableReference.evaluateVariable(VariableReference.java:319)
	at net.sf.saxon.expr.VariableReference.iterate(VariableReference.java:275)
	at net.sf.saxon.expr.PathExpression.iterate(PathExpression.java:826)
	at net.sf.saxon.expr.PathExpression.iterate(PathExpression.java:826)
	at net.sf.saxon.value.Closure.iterate(Closure.java:192)
	at net.sf.saxon.value.Value.getIterator(Value.java:214)
	at net.sf.saxon.instruct.ApplyTemplates$ApplyTemplatesPackage.processLeavingTail(ApplyTemplates.java:486)
	at net.sf.saxon.instruct.ApplyTemplates.defaultAction(ApplyTemplates.java:352)
	at net.sf.saxon.instruct.ApplyTemplates.applyTemplates(ApplyTemplates.java:310)
	at net.sf.saxon.Controller.transformDocument(Controller.java:1705)
	at net.sf.saxon.Controller.transform(Controller.java:1513)
	at net.sf.saxon.Transform.processFile(Transform.java:860)
	at net.sf.saxon.Transform.doTransform(Transform.java:504)
	at net.sf.saxon.Transform.main(Transform.java:60)
	at sun.reflect.NativeMethodAccessorImpl.invoke0(Native Method)
	at sun.reflect.NativeMethodAccessorImpl.invoke(Unknown Source)
	at sun.reflect.DelegatingMethodAccessorImpl.invoke(Unknown Source)
	at java.lang.reflect.Method.invoke(Unknown Source)
	at org.apache.uima.adapter.jms.service.Dd2spring.convertDd2Spring(Dd2spring.java:157)
	at org.apache.uima.adapter.jms.service.Dd2spring.convertDd2Spring(Dd2spring.java:79)
	at org.apache.uima.adapter.jms.client.BaseUIMAAsynchronousEngine_impl.generateSpringContext(BaseUIMAAsynchronousEngine_impl.java:1003)
	at org.apache.uima.adapter.jms.client.BaseUIMAAsynchronousEngine_impl.deploy(BaseUIMAAsynchronousEngine_impl.java:820)
	at org.apache.uima.examples.as.RunRemoteAsyncAE.<init>(RunRemoteAsyncAE.java:174)
	at org.apache.uima.examples.as.RunRemoteAsyncAE.main(RunRemoteAsyncAE.java:313)
	at sun.reflect.NativeMethodAccessorImpl.invoke0(Native Method)
	at sun.reflect.NativeMethodAccessorImpl.invoke(Unknown Source)
	at sun.reflect.DelegatingMethodAccessorImpl.invoke(Unknown Source)
	at java.lang.reflect.Method.invoke(Unknown Source)
	at org.apache.uima.bootstrap.UimaBootstrap.main(UimaBootstrap.java:98)

08:49:49.110 - 1: org.apache.uima.aae.deploymentDescriptor.XsltImportByName.resolveByName: WARNING: 
org.apache.uima.util.InvalidXMLException: An import could not be resolved.  No file with name "descriptors/scoringAnnotator.xml" was found in the class path or data path. (Descriptor: <unknown>)
	at org.apache.uima.resource.metadata.impl.Import_impl.findAbsoluteUrl(Import_impl.java:117)
	at org.apache.uima.aae.deploymentDescriptor.XsltImportByName.resolveByName(XsltImportByName.java:39)
	at sun.reflect.NativeMethodAccessorImpl.invoke0(Native Method)
	at sun.reflect.NativeMethodAccessorImpl.invoke(Unknown Source)
	at sun.reflect.DelegatingMethodAccessorImpl.invoke(Unknown Source)
	at java.lang.reflect.Method.invoke(Unknown Source)
	at net.sf.saxon.functions.ExtensionFunctionCall.invokeMethod(ExtensionFunctionCall.java:513)
	at net.sf.saxon.functions.ExtensionFunctionCall.call(ExtensionFunctionCall.java:223)
	at net.sf.saxon.functions.ExtensionFunctionCall.iterate(ExtensionFunctionCall.java:111)
	at net.sf.saxon.instruct.BlockIterator.next(BlockIterator.java:42)
	at net.sf.saxon.value.SequenceExtent.<init>(SequenceExtent.java:98)
	at net.sf.saxon.value.SequenceExtent.makeSequenceExtent(SequenceExtent.java:129)
	at net.sf.saxon.expr.TailCallLoop.iterate(TailCallLoop.java:77)
	at net.sf.saxon.value.Closure.iterate(Closure.java:192)
	at net.sf.saxon.value.Value.getIterator(Value.java:214)
	at net.sf.saxon.expr.UserFunctionCall.iterate(UserFunctionCall.java:300)
	at net.sf.saxon.expr.ExpressionTool.evaluate(ExpressionTool.java:370)
	at net.sf.saxon.expr.LetExpression.eval(LetExpression.java:229)
	at net.sf.saxon.expr.LetExpression.process(LetExpression.java:260)
	at net.sf.saxon.instruct.ForEach.processLeavingTail(ForEach.java:243)
	at net.sf.saxon.instruct.Instruction.process(Instruction.java:91)
	at net.sf.saxon.instruct.ElementCreator.processLeavingTail(ElementCreator.java:240)
	at net.sf.saxon.instruct.Block.processLeavingTail(Block.java:365)
	at net.sf.saxon.expr.LetExpression.processLeavingTail(LetExpression.java:405)
	at net.sf.saxon.instruct.Block.processLeavingTail(Block.java:365)
	at net.sf.saxon.instruct.Template.expand(Template.java:112)
	at net.sf.saxon.instruct.CallTemplate.process(CallTemplate.java:212)
	at net.sf.saxon.instruct.CallTemplate.processLeavingTail(CallTemplate.java:237)
	at net.sf.saxon.instruct.Block.processLeavingTail(Block.java:365)
	at net.sf.saxon.instruct.Choose.processLeavingTail(Choose.java:347)
	at net.sf.saxon.instruct.Block.processLeavingTail(Block.java:365)
	at net.sf.saxon.instruct.Instruction.process(Instruction.java:91)
	at net.sf.saxon.instruct.ElementCreator.processLeavingTail(ElementCreator.java:240)
	at net.sf.saxon.instruct.Block.processLeavingTail(Block.java:365)
	at net.sf.saxon.expr.LetExpression.processLeavingTail(LetExpression.java:405)
	at net.sf.saxon.instruct.Block.processLeavingTail(Block.java:365)
	at net.sf.saxon.expr.LetExpression.processLeavingTail(LetExpression.java:405)
	at net.sf.saxon.instruct.Block.processLeavingTail(Block.java:365)
	at net.sf.saxon.instruct.Template.applyLeavingTail(Template.java:98)
	at net.sf.saxon.instruct.ApplyTemplates.applyTemplates(ApplyTemplates.java:317)
	at net.sf.saxon.instruct.ApplyTemplates.apply(ApplyTemplates.java:187)
	at net.sf.saxon.instruct.ApplyTemplates.processLeavingTail(ApplyTemplates.java:151)
	at net.sf.saxon.expr.LetExpression.processLeavingTail(LetExpression.java:405)
	at net.sf.saxon.instruct.Block.processLeavingTail(Block.java:365)
	at net.sf.saxon.instruct.Instruction.process(Instruction.java:91)
	at net.sf.saxon.instruct.ElementCreator.processLeavingTail(ElementCreator.java:240)
	at net.sf.saxon.expr.LetExpression.processLeavingTail(LetExpression.java:405)
	at net.sf.saxon.instruct.Template.applyLeavingTail(Template.java:98)
	at net.sf.saxon.instruct.ApplyTemplates.applyTemplates(ApplyTemplates.java:317)
	at net.sf.saxon.instruct.ApplyTemplates.apply(ApplyTemplates.java:187)
	at net.sf.saxon.instruct.ApplyTemplates.processLeavingTail(ApplyTemplates.java:151)
	at net.sf.saxon.instruct.Block.processLeavingTail(Block.java:365)
	at net.sf.saxon.instruct.Instruction.process(Instruction.java:91)
	at net.sf.saxon.instruct.ElementCreator.processLeavingTail(ElementCreator.java:240)
	at net.sf.saxon.instruct.Template.applyLeavingTail(Template.java:98)
	at net.sf.saxon.instruct.ApplyTemplates.applyTemplates(ApplyTemplates.java:317)
	at net.sf.saxon.instruct.ApplyTemplates.apply(ApplyTemplates.java:187)
	at net.sf.saxon.instruct.ApplyTemplates.processLeavingTail(ApplyTemplates.java:151)
	at net.sf.saxon.instruct.Block.processLeavingTail(Block.java:365)
	at net.sf.saxon.instruct.Instruction.process(Instruction.java:91)
	at net.sf.saxon.instruct.ElementCreator.processLeavingTail(ElementCreator.java:240)
	at net.sf.saxon.instruct.Copy.processLeavingTail(Copy.java:152)
	at net.sf.saxon.instruct.Template.applyLeavingTail(Template.java:98)
	at net.sf.saxon.instruct.ApplyTemplates.applyTemplates(ApplyTemplates.java:317)
	at net.sf.saxon.instruct.ApplyTemplates.apply(ApplyTemplates.java:187)
	at net.sf.saxon.instruct.ApplyTemplates.process(ApplyTemplates.java:147)
	at net.sf.saxon.instruct.DocumentInstr.evaluateItem(DocumentInstr.java:243)
	at net.sf.saxon.instruct.DocumentInstr.processLeavingTail(DocumentInstr.java:177)
	at net.sf.saxon.instruct.Block.processLeavingTail(Block.java:365)
	at net.sf.saxon.instruct.Instruction.process(Instruction.java:91)
	at net.sf.saxon.instruct.DocumentInstr.evaluateItem(DocumentInstr.java:243)
	at net.sf.saxon.instruct.Instruction.iterate(Instruction.java:320)
	at net.sf.saxon.expr.ExpressionTool.evaluate(ExpressionTool.java:370)
	at net.sf.saxon.instruct.GlobalVariable.getSelectValue(GlobalVariable.java:180)
	at net.sf.saxon.instruct.GlobalVariable.evaluateVariable(GlobalVariable.java:204)
	at net.sf.saxon.expr.VariableReference.evaluateVariable(VariableReference.java:319)
	at net.sf.saxon.expr.VariableReference.iterate(VariableReference.java:275)
	at net.sf.saxon.expr.PathExpression.iterate(PathExpression.java:826)
	at net.sf.saxon.expr.PathExpression.iterate(PathExpression.java:826)
	at net.sf.saxon.value.Closure.iterate(Closure.java:192)
	at net.sf.saxon.value.Value.getIterator(Value.java:214)
	at net.sf.saxon.instruct.ApplyTemplates$ApplyTemplatesPackage.processLeavingTail(ApplyTemplates.java:486)
	at net.sf.saxon.instruct.ApplyTemplates.defaultAction(ApplyTemplates.java:352)
	at net.sf.saxon.instruct.ApplyTemplates.applyTemplates(ApplyTemplates.java:310)
	at net.sf.saxon.Controller.transformDocument(Controller.java:1705)
	at net.sf.saxon.Controller.transform(Controller.java:1513)
	at net.sf.saxon.Transform.processFile(Transform.java:860)
	at net.sf.saxon.Transform.doTransform(Transform.java:504)
	at net.sf.saxon.Transform.main(Transform.java:60)
	at sun.reflect.NativeMethodAccessorImpl.invoke0(Native Method)
	at sun.reflect.NativeMethodAccessorImpl.invoke(Unknown Source)
	at sun.reflect.DelegatingMethodAccessorImpl.invoke(Unknown Source)
	at java.lang.reflect.Method.invoke(Unknown Source)
	at org.apache.uima.adapter.jms.service.Dd2spring.convertDd2Spring(Dd2spring.java:157)
	at org.apache.uima.adapter.jms.service.Dd2spring.convertDd2Spring(Dd2spring.java:79)
	at org.apache.uima.adapter.jms.client.BaseUIMAAsynchronousEngine_impl.generateSpringContext(BaseUIMAAsynchronousEngine_impl.java:1003)
	at org.apache.uima.adapter.jms.client.BaseUIMAAsynchronousEngine_impl.deploy(BaseUIMAAsynchronousEngine_impl.java:820)
	at org.apache.uima.examples.as.RunRemoteAsyncAE.<init>(RunRemoteAsyncAE.java:174)
	at org.apache.uima.examples.as.RunRemoteAsyncAE.main(RunRemoteAsyncAE.java:313)
	at sun.reflect.NativeMethodAccessorImpl.invoke0(Native Method)
	at sun.reflect.NativeMethodAccessorImpl.invoke(Unknown Source)
	at sun.reflect.DelegatingMethodAccessorImpl.invoke(Unknown Source)
	at java.lang.reflect.Method.invoke(Unknown Source)
	at org.apache.uima.bootstrap.UimaBootstrap.main(UimaBootstrap.java:98)

08:49:49.112 - 1: org.apache.uima.aae.deploymentDescriptor.XsltImportByName.resolveByName: WARNING: 
org.apache.uima.util.InvalidXMLException: An import could not be resolved.  No file with name "descriptors/scoringAnnotator.xml" was found in the class path or data path. (Descriptor: <unknown>)
	at org.apache.uima.resource.metadata.impl.Import_impl.findAbsoluteUrl(Import_impl.java:117)
	at org.apache.uima.aae.deploymentDescriptor.XsltImportByName.resolveByName(XsltImportByName.java:39)
	at sun.reflect.NativeMethodAccessorImpl.invoke0(Native Method)
	at sun.reflect.NativeMethodAccessorImpl.invoke(Unknown Source)
	at sun.reflect.DelegatingMethodAccessorImpl.invoke(Unknown Source)
	at java.lang.reflect.Method.invoke(Unknown Source)
	at net.sf.saxon.functions.ExtensionFunctionCall.invokeMethod(ExtensionFunctionCall.java:513)
	at net.sf.saxon.functions.ExtensionFunctionCall.call(ExtensionFunctionCall.java:223)
	at net.sf.saxon.functions.ExtensionFunctionCall.iterate(ExtensionFunctionCall.java:111)
	at net.sf.saxon.functions.Document.iterate(Document.java:90)
	at net.sf.saxon.instruct.Choose.iterate(Choose.java:415)
	at net.sf.saxon.expr.TailCallLoop.iterate(TailCallLoop.java:76)
	at net.sf.saxon.value.Closure.iterate(Closure.java:192)
	at net.sf.saxon.value.Value.asIterator(Value.java:117)
	at net.sf.saxon.expr.TailCallLoop.iterate(TailCallLoop.java:83)
	at net.sf.saxon.value.Closure.iterate(Closure.java:192)
	at net.sf.saxon.value.Value.getIterator(Value.java:214)
	at net.sf.saxon.expr.UserFunctionCall.iterate(UserFunctionCall.java:300)
	at net.sf.saxon.value.MemoClosure.iterate(MemoClosure.java:89)
	at net.sf.saxon.value.Value.getIterator(Value.java:214)
	at net.sf.saxon.expr.VariableReference.iterate(VariableReference.java:276)
	at net.sf.saxon.expr.Expression.effectiveBooleanValue(Expression.java:299)
	at net.sf.saxon.functions.BooleanFn.effectiveBooleanValue(BooleanFn.java:138)
	at net.sf.saxon.instruct.Choose.processLeavingTail(Choose.java:334)
	at net.sf.saxon.instruct.Block.processLeavingTail(Block.java:365)
	at net.sf.saxon.instruct.Instruction.process(Instruction.java:91)
	at net.sf.saxon.expr.LetExpression.process(LetExpression.java:268)
	at net.sf.saxon.instruct.UserFunction.process(UserFunction.java:284)
	at net.sf.saxon.expr.UserFunctionCall.process(UserFunctionCall.java:349)
	at net.sf.saxon.value.MemoClosure.process(MemoClosure.java:177)
	at net.sf.saxon.expr.VariableReference.process(VariableReference.java:306)
	at net.sf.saxon.instruct.Block.processLeavingTail(Block.java:367)
	at net.sf.saxon.instruct.Instruction.process(Instruction.java:91)
	at net.sf.saxon.instruct.ElementCreator.processLeavingTail(ElementCreator.java:240)
	at net.sf.saxon.instruct.Block.processLeavingTail(Block.java:365)
	at net.sf.saxon.instruct.Instruction.process(Instruction.java:91)
	at net.sf.saxon.instruct.ElementCreator.processLeavingTail(ElementCreator.java:240)
	at net.sf.saxon.instruct.Block.processLeavingTail(Block.java:365)
	at net.sf.saxon.expr.LetExpression.processLeavingTail(LetExpression.java:405)
	at net.sf.saxon.instruct.Block.processLeavingTail(Block.java:365)
	at net.sf.saxon.expr.LetExpression.processLeavingTail(LetExpression.java:405)
	at net.sf.saxon.instruct.Block.processLeavingTail(Block.java:365)
	at net.sf.saxon.instruct.Template.applyLeavingTail(Template.java:98)
	at net.sf.saxon.instruct.ApplyTemplates.applyTemplates(ApplyTemplates.java:317)
	at net.sf.saxon.instruct.ApplyTemplates.apply(ApplyTemplates.java:187)
	at net.sf.saxon.instruct.ApplyTemplates.process(ApplyTemplates.java:147)
	at net.sf.saxon.expr.LetExpression.process(LetExpression.java:268)
	at net.sf.saxon.instruct.ForEach.processLeavingTail(ForEach.java:243)
	at net.sf.saxon.instruct.Instruction.process(Instruction.java:91)
	at net.sf.saxon.instruct.ElementCreator.processLeavingTail(ElementCreator.java:240)
	at net.sf.saxon.instruct.Block.processLeavingTail(Block.java:365)
	at net.sf.saxon.expr.LetExpression.processLeavingTail(LetExpression.java:405)
	at net.sf.saxon.instruct.Block.processLeavingTail(Block.java:365)
	at net.sf.saxon.instruct.Template.expand(Template.java:112)
	at net.sf.saxon.instruct.CallTemplate.process(CallTemplate.java:212)
	at net.sf.saxon.instruct.CallTemplate.processLeavingTail(CallTemplate.java:237)
	at net.sf.saxon.instruct.Block.processLeavingTail(Block.java:365)
	at net.sf.saxon.instruct.Choose.processLeavingTail(Choose.java:347)
	at net.sf.saxon.instruct.Block.processLeavingTail(Block.java:365)
	at net.sf.saxon.instruct.Instruction.process(Instruction.java:91)
	at net.sf.saxon.instruct.ElementCreator.processLeavingTail(ElementCreator.java:240)
	at net.sf.saxon.instruct.Block.processLeavingTail(Block.java:365)
	at net.sf.saxon.expr.LetExpression.processLeavingTail(LetExpression.java:405)
	at net.sf.saxon.instruct.Block.processLeavingTail(Block.java:365)
	at net.sf.saxon.expr.LetExpression.processLeavingTail(LetExpression.java:405)
	at net.sf.saxon.instruct.Block.processLeavingTail(Block.java:365)
	at net.sf.saxon.instruct.Template.applyLeavingTail(Template.java:98)
	at net.sf.saxon.instruct.ApplyTemplates.applyTemplates(ApplyTemplates.java:317)
	at net.sf.saxon.instruct.ApplyTemplates.apply(ApplyTemplates.java:187)
	at net.sf.saxon.instruct.ApplyTemplates.processLeavingTail(ApplyTemplates.java:151)
	at net.sf.saxon.expr.LetExpression.processLeavingTail(LetExpression.java:405)
	at net.sf.saxon.instruct.Block.processLeavingTail(Block.java:365)
	at net.sf.saxon.instruct.Instruction.process(Instruction.java:91)
	at net.sf.saxon.instruct.ElementCreator.processLeavingTail(ElementCreator.java:240)
	at net.sf.saxon.expr.LetExpression.processLeavingTail(LetExpression.java:405)
	at net.sf.saxon.instruct.Template.applyLeavingTail(Template.java:98)
	at net.sf.saxon.instruct.ApplyTemplates.applyTemplates(ApplyTemplates.java:317)
	at net.sf.saxon.instruct.ApplyTemplates.apply(ApplyTemplates.java:187)
	at net.sf.saxon.instruct.ApplyTemplates.processLeavingTail(ApplyTemplates.java:151)
	at net.sf.saxon.instruct.Block.processLeavingTail(Block.java:365)
	at net.sf.saxon.instruct.Instruction.process(Instruction.java:91)
	at net.sf.saxon.instruct.ElementCreator.processLeavingTail(ElementCreator.java:240)
	at net.sf.saxon.instruct.Template.applyLeavingTail(Template.java:98)
	at net.sf.saxon.instruct.ApplyTemplates.applyTemplates(ApplyTemplates.java:317)
	at net.sf.saxon.instruct.ApplyTemplates.apply(ApplyTemplates.java:187)
	at net.sf.saxon.instruct.ApplyTemplates.processLeavingTail(ApplyTemplates.java:151)
	at net.sf.saxon.instruct.Block.processLeavingTail(Block.java:365)
	at net.sf.saxon.instruct.Instruction.process(Instruction.java:91)
	at net.sf.saxon.instruct.ElementCreator.processLeavingTail(ElementCreator.java:240)
	at net.sf.saxon.instruct.Copy.processLeavingTail(Copy.java:152)
	at net.sf.saxon.instruct.Template.applyLeavingTail(Template.java:98)
	at net.sf.saxon.instruct.ApplyTemplates.applyTemplates(ApplyTemplates.java:317)
	at net.sf.saxon.instruct.ApplyTemplates.apply(ApplyTemplates.java:187)
	at net.sf.saxon.instruct.ApplyTemplates.process(ApplyTemplates.java:147)
	at net.sf.saxon.instruct.DocumentInstr.evaluateItem(DocumentInstr.java:243)
	at net.sf.saxon.instruct.DocumentInstr.processLeavingTail(DocumentInstr.java:177)
	at net.sf.saxon.instruct.Block.processLeavingTail(Block.java:365)
	at net.sf.saxon.instruct.Instruction.process(Instruction.java:91)
	at net.sf.saxon.instruct.DocumentInstr.evaluateItem(DocumentInstr.java:243)
	at net.sf.saxon.instruct.Instruction.iterate(Instruction.java:320)
	at net.sf.saxon.expr.ExpressionTool.evaluate(ExpressionTool.java:370)
	at net.sf.saxon.instruct.GlobalVariable.getSelectValue(GlobalVariable.java:180)
	at net.sf.saxon.instruct.GlobalVariable.evaluateVariable(GlobalVariable.java:204)
	at net.sf.saxon.expr.VariableReference.evaluateVariable(VariableReference.java:319)
	at net.sf.saxon.expr.VariableReference.iterate(VariableReference.java:275)
	at net.sf.saxon.expr.PathExpression.iterate(PathExpression.java:826)
	at net.sf.saxon.expr.PathExpression.iterate(PathExpression.java:826)
	at net.sf.saxon.value.Closure.iterate(Closure.java:192)
	at net.sf.saxon.value.Value.getIterator(Value.java:214)
	at net.sf.saxon.instruct.ApplyTemplates$ApplyTemplatesPackage.processLeavingTail(ApplyTemplates.java:486)
	at net.sf.saxon.instruct.ApplyTemplates.defaultAction(ApplyTemplates.java:352)
	at net.sf.saxon.instruct.ApplyTemplates.applyTemplates(ApplyTemplates.java:310)
	at net.sf.saxon.Controller.transformDocument(Controller.java:1705)
	at net.sf.saxon.Controller.transform(Controller.java:1513)
	at net.sf.saxon.Transform.processFile(Transform.java:860)
	at net.sf.saxon.Transform.doTransform(Transform.java:504)
	at net.sf.saxon.Transform.main(Transform.java:60)
	at sun.reflect.NativeMethodAccessorImpl.invoke0(Native Method)
	at sun.reflect.NativeMethodAccessorImpl.invoke(Unknown Source)
	at sun.reflect.DelegatingMethodAccessorImpl.invoke(Unknown Source)
	at java.lang.reflect.Method.invoke(Unknown Source)
	at org.apache.uima.adapter.jms.service.Dd2spring.convertDd2Spring(Dd2spring.java:157)
	at org.apache.uima.adapter.jms.service.Dd2spring.convertDd2Spring(Dd2spring.java:79)
	at org.apache.uima.adapter.jms.client.BaseUIMAAsynchronousEngine_impl.generateSpringContext(BaseUIMAAsynchronousEngine_impl.java:1003)
	at org.apache.uima.adapter.jms.client.BaseUIMAAsynchronousEngine_impl.deploy(BaseUIMAAsynchronousEngine_impl.java:820)
	at org.apache.uima.examples.as.RunRemoteAsyncAE.<init>(RunRemoteAsyncAE.java:174)
	at org.apache.uima.examples.as.RunRemoteAsyncAE.main(RunRemoteAsyncAE.java:313)
	at sun.reflect.NativeMethodAccessorImpl.invoke0(Native Method)
	at sun.reflect.NativeMethodAccessorImpl.invoke(Unknown Source)
	at sun.reflect.DelegatingMethodAccessorImpl.invoke(Unknown Source)
	at java.lang.reflect.Method.invoke(Unknown Source)
	at org.apache.uima.bootstrap.UimaBootstrap.main(UimaBootstrap.java:98)

08:49:49.116 - 1: org.apache.uima.aae.deploymentDescriptor.XsltImportByName.resolveByName: WARNING: 
org.apache.uima.util.InvalidXMLException: An import could not be resolved.  No file with name "descriptors/evaluationAnnotator.xml" was found in the class path or data path. (Descriptor: <unknown>)
	at org.apache.uima.resource.metadata.impl.Import_impl.findAbsoluteUrl(Import_impl.java:117)
	at org.apache.uima.aae.deploymentDescriptor.XsltImportByName.resolveByName(XsltImportByName.java:39)
	at sun.reflect.NativeMethodAccessorImpl.invoke0(Native Method)
	at sun.reflect.NativeMethodAccessorImpl.invoke(Unknown Source)
	at sun.reflect.DelegatingMethodAccessorImpl.invoke(Unknown Source)
	at java.lang.reflect.Method.invoke(Unknown Source)
	at net.sf.saxon.functions.ExtensionFunctionCall.invokeMethod(ExtensionFunctionCall.java:513)
	at net.sf.saxon.functions.ExtensionFunctionCall.call(ExtensionFunctionCall.java:223)
	at net.sf.saxon.functions.ExtensionFunctionCall.iterate(ExtensionFunctionCall.java:111)
	at net.sf.saxon.instruct.BlockIterator.next(BlockIterator.java:42)
	at net.sf.saxon.value.SequenceExtent.<init>(SequenceExtent.java:98)
	at net.sf.saxon.value.SequenceExtent.makeSequenceExtent(SequenceExtent.java:129)
	at net.sf.saxon.expr.TailCallLoop.iterate(TailCallLoop.java:77)
	at net.sf.saxon.value.Closure.iterate(Closure.java:192)
	at net.sf.saxon.value.Value.getIterator(Value.java:214)
	at net.sf.saxon.expr.UserFunctionCall.iterate(UserFunctionCall.java:300)
	at net.sf.saxon.expr.ExpressionTool.evaluate(ExpressionTool.java:370)
	at net.sf.saxon.expr.LetExpression.eval(LetExpression.java:229)
	at net.sf.saxon.expr.LetExpression.process(LetExpression.java:260)
	at net.sf.saxon.instruct.ForEach.processLeavingTail(ForEach.java:243)
	at net.sf.saxon.instruct.Instruction.process(Instruction.java:91)
	at net.sf.saxon.instruct.ElementCreator.processLeavingTail(ElementCreator.java:240)
	at net.sf.saxon.instruct.Block.processLeavingTail(Block.java:365)
	at net.sf.saxon.expr.LetExpression.processLeavingTail(LetExpression.java:405)
	at net.sf.saxon.instruct.Block.processLeavingTail(Block.java:365)
	at net.sf.saxon.instruct.Template.expand(Template.java:112)
	at net.sf.saxon.instruct.CallTemplate.process(CallTemplate.java:212)
	at net.sf.saxon.instruct.CallTemplate.processLeavingTail(CallTemplate.java:237)
	at net.sf.saxon.instruct.Block.processLeavingTail(Block.java:365)
	at net.sf.saxon.instruct.Choose.processLeavingTail(Choose.java:347)
	at net.sf.saxon.instruct.Block.processLeavingTail(Block.java:365)
	at net.sf.saxon.instruct.Instruction.process(Instruction.java:91)
	at net.sf.saxon.instruct.ElementCreator.processLeavingTail(ElementCreator.java:240)
	at net.sf.saxon.instruct.Block.processLeavingTail(Block.java:365)
	at net.sf.saxon.expr.LetExpression.processLeavingTail(LetExpression.java:405)
	at net.sf.saxon.instruct.Block.processLeavingTail(Block.java:365)
	at net.sf.saxon.expr.LetExpression.processLeavingTail(LetExpression.java:405)
	at net.sf.saxon.instruct.Block.processLeavingTail(Block.java:365)
	at net.sf.saxon.instruct.Template.applyLeavingTail(Template.java:98)
	at net.sf.saxon.instruct.ApplyTemplates.applyTemplates(ApplyTemplates.java:317)
	at net.sf.saxon.instruct.ApplyTemplates.apply(ApplyTemplates.java:187)
	at net.sf.saxon.instruct.ApplyTemplates.processLeavingTail(ApplyTemplates.java:151)
	at net.sf.saxon.expr.LetExpression.processLeavingTail(LetExpression.java:405)
	at net.sf.saxon.instruct.Block.processLeavingTail(Block.java:365)
	at net.sf.saxon.instruct.Instruction.process(Instruction.java:91)
	at net.sf.saxon.instruct.ElementCreator.processLeavingTail(ElementCreator.java:240)
	at net.sf.saxon.expr.LetExpression.processLeavingTail(LetExpression.java:405)
	at net.sf.saxon.instruct.Template.applyLeavingTail(Template.java:98)
	at net.sf.saxon.instruct.ApplyTemplates.applyTemplates(ApplyTemplates.java:317)
	at net.sf.saxon.instruct.ApplyTemplates.apply(ApplyTemplates.java:187)
	at net.sf.saxon.instruct.ApplyTemplates.processLeavingTail(ApplyTemplates.java:151)
	at net.sf.saxon.instruct.Block.processLeavingTail(Block.java:365)
	at net.sf.saxon.instruct.Instruction.process(Instruction.java:91)
	at net.sf.saxon.instruct.ElementCreator.processLeavingTail(ElementCreator.java:240)
	at net.sf.saxon.instruct.Template.applyLeavingTail(Template.java:98)
	at net.sf.saxon.instruct.ApplyTemplates.applyTemplates(ApplyTemplates.java:317)
	at net.sf.saxon.instruct.ApplyTemplates.apply(ApplyTemplates.java:187)
	at net.sf.saxon.instruct.ApplyTemplates.processLeavingTail(ApplyTemplates.java:151)
	at net.sf.saxon.instruct.Block.processLeavingTail(Block.java:365)
	at net.sf.saxon.instruct.Instruction.process(Instruction.java:91)
	at net.sf.saxon.instruct.ElementCreator.processLeavingTail(ElementCreator.java:240)
	at net.sf.saxon.instruct.Copy.processLeavingTail(Copy.java:152)
	at net.sf.saxon.instruct.Template.applyLeavingTail(Template.java:98)
	at net.sf.saxon.instruct.ApplyTemplates.applyTemplates(ApplyTemplates.java:317)
	at net.sf.saxon.instruct.ApplyTemplates.apply(ApplyTemplates.java:187)
	at net.sf.saxon.instruct.ApplyTemplates.process(ApplyTemplates.java:147)
	at net.sf.saxon.instruct.DocumentInstr.evaluateItem(DocumentInstr.java:243)
	at net.sf.saxon.instruct.DocumentInstr.processLeavingTail(DocumentInstr.java:177)
	at net.sf.saxon.instruct.Block.processLeavingTail(Block.java:365)
	at net.sf.saxon.instruct.Instruction.process(Instruction.java:91)
	at net.sf.saxon.instruct.DocumentInstr.evaluateItem(DocumentInstr.java:243)
	at net.sf.saxon.instruct.Instruction.iterate(Instruction.java:320)
	at net.sf.saxon.expr.ExpressionTool.evaluate(ExpressionTool.java:370)
	at net.sf.saxon.instruct.GlobalVariable.getSelectValue(GlobalVariable.java:180)
	at net.sf.saxon.instruct.GlobalVariable.evaluateVariable(GlobalVariable.java:204)
	at net.sf.saxon.expr.VariableReference.evaluateVariable(VariableReference.java:319)
	at net.sf.saxon.expr.VariableReference.iterate(VariableReference.java:275)
	at net.sf.saxon.expr.PathExpression.iterate(PathExpression.java:826)
	at net.sf.saxon.expr.PathExpression.iterate(PathExpression.java:826)
	at net.sf.saxon.value.Closure.iterate(Closure.java:192)
	at net.sf.saxon.value.Value.getIterator(Value.java:214)
	at net.sf.saxon.instruct.ApplyTemplates$ApplyTemplatesPackage.processLeavingTail(ApplyTemplates.java:486)
	at net.sf.saxon.instruct.ApplyTemplates.defaultAction(ApplyTemplates.java:352)
	at net.sf.saxon.instruct.ApplyTemplates.applyTemplates(ApplyTemplates.java:310)
	at net.sf.saxon.Controller.transformDocument(Controller.java:1705)
	at net.sf.saxon.Controller.transform(Controller.java:1513)
	at net.sf.saxon.Transform.processFile(Transform.java:860)
	at net.sf.saxon.Transform.doTransform(Transform.java:504)
	at net.sf.saxon.Transform.main(Transform.java:60)
	at sun.reflect.NativeMethodAccessorImpl.invoke0(Native Method)
	at sun.reflect.NativeMethodAccessorImpl.invoke(Unknown Source)
	at sun.reflect.DelegatingMethodAccessorImpl.invoke(Unknown Source)
	at java.lang.reflect.Method.invoke(Unknown Source)
	at org.apache.uima.adapter.jms.service.Dd2spring.convertDd2Spring(Dd2spring.java:157)
	at org.apache.uima.adapter.jms.service.Dd2spring.convertDd2Spring(Dd2spring.java:79)
	at org.apache.uima.adapter.jms.client.BaseUIMAAsynchronousEngine_impl.generateSpringContext(BaseUIMAAsynchronousEngine_impl.java:1003)
	at org.apache.uima.adapter.jms.client.BaseUIMAAsynchronousEngine_impl.deploy(BaseUIMAAsynchronousEngine_impl.java:820)
	at org.apache.uima.examples.as.RunRemoteAsyncAE.<init>(RunRemoteAsyncAE.java:174)
	at org.apache.uima.examples.as.RunRemoteAsyncAE.main(RunRemoteAsyncAE.java:313)
	at sun.reflect.NativeMethodAccessorImpl.invoke0(Native Method)
	at sun.reflect.NativeMethodAccessorImpl.invoke(Unknown Source)
	at sun.reflect.DelegatingMethodAccessorImpl.invoke(Unknown Source)
	at java.lang.reflect.Method.invoke(Unknown Source)
	at org.apache.uima.bootstrap.UimaBootstrap.main(UimaBootstrap.java:98)

08:49:49.118 - 1: org.apache.uima.aae.deploymentDescriptor.XsltImportByName.resolveByName: WARNING: 
org.apache.uima.util.InvalidXMLException: An import could not be resolved.  No file with name "descriptors/evaluationAnnotator.xml" was found in the class path or data path. (Descriptor: <unknown>)
	at org.apache.uima.resource.metadata.impl.Import_impl.findAbsoluteUrl(Import_impl.java:117)
	at org.apache.uima.aae.deploymentDescriptor.XsltImportByName.resolveByName(XsltImportByName.java:39)
	at sun.reflect.NativeMethodAccessorImpl.invoke0(Native Method)
	at sun.reflect.NativeMethodAccessorImpl.invoke(Unknown Source)
	at sun.reflect.DelegatingMethodAccessorImpl.invoke(Unknown Source)
	at java.lang.reflect.Method.invoke(Unknown Source)
	at net.sf.saxon.functions.ExtensionFunctionCall.invokeMethod(ExtensionFunctionCall.java:513)
	at net.sf.saxon.functions.ExtensionFunctionCall.call(ExtensionFunctionCall.java:223)
	at net.sf.saxon.functions.ExtensionFunctionCall.iterate(ExtensionFunctionCall.java:111)
	at net.sf.saxon.functions.Document.iterate(Document.java:90)
	at net.sf.saxon.instruct.Choose.iterate(Choose.java:415)
	at net.sf.saxon.expr.TailCallLoop.iterate(TailCallLoop.java:76)
	at net.sf.saxon.value.Closure.iterate(Closure.java:192)
	at net.sf.saxon.value.Value.asIterator(Value.java:117)
	at net.sf.saxon.expr.TailCallLoop.iterate(TailCallLoop.java:83)
	at net.sf.saxon.value.Closure.iterate(Closure.java:192)
	at net.sf.saxon.value.Value.getIterator(Value.java:214)
	at net.sf.saxon.expr.UserFunctionCall.iterate(UserFunctionCall.java:300)
	at net.sf.saxon.value.MemoClosure.iterate(MemoClosure.java:89)
	at net.sf.saxon.value.Value.getIterator(Value.java:214)
	at net.sf.saxon.expr.VariableReference.iterate(VariableReference.java:276)
	at net.sf.saxon.expr.Expression.effectiveBooleanValue(Expression.java:299)
	at net.sf.saxon.functions.BooleanFn.effectiveBooleanValue(BooleanFn.java:138)
	at net.sf.saxon.instruct.Choose.processLeavingTail(Choose.java:334)
	at net.sf.saxon.instruct.Block.processLeavingTail(Block.java:365)
	at net.sf.saxon.instruct.Instruction.process(Instruction.java:91)
	at net.sf.saxon.expr.LetExpression.process(LetExpression.java:268)
	at net.sf.saxon.instruct.UserFunction.process(UserFunction.java:284)
	at net.sf.saxon.expr.UserFunctionCall.process(UserFunctionCall.java:349)
	at net.sf.saxon.value.MemoClosure.process(MemoClosure.java:177)
	at net.sf.saxon.expr.VariableReference.process(VariableReference.java:306)
	at net.sf.saxon.instruct.Block.processLeavingTail(Block.java:367)
	at net.sf.saxon.instruct.Instruction.process(Instruction.java:91)
	at net.sf.saxon.instruct.ElementCreator.processLeavingTail(ElementCreator.java:240)
	at net.sf.saxon.instruct.Block.processLeavingTail(Block.java:365)
	at net.sf.saxon.instruct.Instruction.process(Instruction.java:91)
	at net.sf.saxon.instruct.ElementCreator.processLeavingTail(ElementCreator.java:240)
	at net.sf.saxon.instruct.Block.processLeavingTail(Block.java:365)
	at net.sf.saxon.expr.LetExpression.processLeavingTail(LetExpression.java:405)
	at net.sf.saxon.instruct.Block.processLeavingTail(Block.java:365)
	at net.sf.saxon.expr.LetExpression.processLeavingTail(LetExpression.java:405)
	at net.sf.saxon.instruct.Block.processLeavingTail(Block.java:365)
	at net.sf.saxon.instruct.Template.applyLeavingTail(Template.java:98)
	at net.sf.saxon.instruct.ApplyTemplates.applyTemplates(ApplyTemplates.java:317)
	at net.sf.saxon.instruct.ApplyTemplates.apply(ApplyTemplates.java:187)
	at net.sf.saxon.instruct.ApplyTemplates.process(ApplyTemplates.java:147)
	at net.sf.saxon.expr.LetExpression.process(LetExpression.java:268)
	at net.sf.saxon.instruct.ForEach.processLeavingTail(ForEach.java:243)
	at net.sf.saxon.instruct.Instruction.process(Instruction.java:91)
	at net.sf.saxon.instruct.ElementCreator.processLeavingTail(ElementCreator.java:240)
	at net.sf.saxon.instruct.Block.processLeavingTail(Block.java:365)
	at net.sf.saxon.expr.LetExpression.processLeavingTail(LetExpression.java:405)
	at net.sf.saxon.instruct.Block.processLeavingTail(Block.java:365)
	at net.sf.saxon.instruct.Template.expand(Template.java:112)
	at net.sf.saxon.instruct.CallTemplate.process(CallTemplate.java:212)
	at net.sf.saxon.instruct.CallTemplate.processLeavingTail(CallTemplate.java:237)
	at net.sf.saxon.instruct.Block.processLeavingTail(Block.java:365)
	at net.sf.saxon.instruct.Choose.processLeavingTail(Choose.java:347)
	at net.sf.saxon.instruct.Block.processLeavingTail(Block.java:365)
	at net.sf.saxon.instruct.Instruction.process(Instruction.java:91)
	at net.sf.saxon.instruct.ElementCreator.processLeavingTail(ElementCreator.java:240)
	at net.sf.saxon.instruct.Block.processLeavingTail(Block.java:365)
	at net.sf.saxon.expr.LetExpression.processLeavingTail(LetExpression.java:405)
	at net.sf.saxon.instruct.Block.processLeavingTail(Block.java:365)
	at net.sf.saxon.expr.LetExpression.processLeavingTail(LetExpression.java:405)
	at net.sf.saxon.instruct.Block.processLeavingTail(Block.java:365)
	at net.sf.saxon.instruct.Template.applyLeavingTail(Template.java:98)
	at net.sf.saxon.instruct.ApplyTemplates.applyTemplates(ApplyTemplates.java:317)
	at net.sf.saxon.instruct.ApplyTemplates.apply(ApplyTemplates.java:187)
	at net.sf.saxon.instruct.ApplyTemplates.processLeavingTail(ApplyTemplates.java:151)
	at net.sf.saxon.expr.LetExpression.processLeavingTail(LetExpression.java:405)
	at net.sf.saxon.instruct.Block.processLeavingTail(Block.java:365)
	at net.sf.saxon.instruct.Instruction.process(Instruction.java:91)
	at net.sf.saxon.instruct.ElementCreator.processLeavingTail(ElementCreator.java:240)
	at net.sf.saxon.expr.LetExpression.processLeavingTail(LetExpression.java:405)
	at net.sf.saxon.instruct.Template.applyLeavingTail(Template.java:98)
	at net.sf.saxon.instruct.ApplyTemplates.applyTemplates(ApplyTemplates.java:317)
	at net.sf.saxon.instruct.ApplyTemplates.apply(ApplyTemplates.java:187)
	at net.sf.saxon.instruct.ApplyTemplates.processLeavingTail(ApplyTemplates.java:151)
	at net.sf.saxon.instruct.Block.processLeavingTail(Block.java:365)
	at net.sf.saxon.instruct.Instruction.process(Instruction.java:91)
	at net.sf.saxon.instruct.ElementCreator.processLeavingTail(ElementCreator.java:240)
	at net.sf.saxon.instruct.Template.applyLeavingTail(Template.java:98)
	at net.sf.saxon.instruct.ApplyTemplates.applyTemplates(ApplyTemplates.java:317)
	at net.sf.saxon.instruct.ApplyTemplates.apply(ApplyTemplates.java:187)
	at net.sf.saxon.instruct.ApplyTemplates.processLeavingTail(ApplyTemplates.java:151)
	at net.sf.saxon.instruct.Block.processLeavingTail(Block.java:365)
	at net.sf.saxon.instruct.Instruction.process(Instruction.java:91)
	at net.sf.saxon.instruct.ElementCreator.processLeavingTail(ElementCreator.java:240)
	at net.sf.saxon.instruct.Copy.processLeavingTail(Copy.java:152)
	at net.sf.saxon.instruct.Template.applyLeavingTail(Template.java:98)
	at net.sf.saxon.instruct.ApplyTemplates.applyTemplates(ApplyTemplates.java:317)
	at net.sf.saxon.instruct.ApplyTemplates.apply(ApplyTemplates.java:187)
	at net.sf.saxon.instruct.ApplyTemplates.process(ApplyTemplates.java:147)
	at net.sf.saxon.instruct.DocumentInstr.evaluateItem(DocumentInstr.java:243)
	at net.sf.saxon.instruct.DocumentInstr.processLeavingTail(DocumentInstr.java:177)
	at net.sf.saxon.instruct.Block.processLeavingTail(Block.java:365)
	at net.sf.saxon.instruct.Instruction.process(Instruction.java:91)
	at net.sf.saxon.instruct.DocumentInstr.evaluateItem(DocumentInstr.java:243)
	at net.sf.saxon.instruct.Instruction.iterate(Instruction.java:320)
	at net.sf.saxon.expr.ExpressionTool.evaluate(ExpressionTool.java:370)
	at net.sf.saxon.instruct.GlobalVariable.getSelectValue(GlobalVariable.java:180)
	at net.sf.saxon.instruct.GlobalVariable.evaluateVariable(GlobalVariable.java:204)
	at net.sf.saxon.expr.VariableReference.evaluateVariable(VariableReference.java:319)
	at net.sf.saxon.expr.VariableReference.iterate(VariableReference.java:275)
	at net.sf.saxon.expr.PathExpression.iterate(PathExpression.java:826)
	at net.sf.saxon.expr.PathExpression.iterate(PathExpression.java:826)
	at net.sf.saxon.value.Closure.iterate(Closure.java:192)
	at net.sf.saxon.value.Value.getIterator(Value.java:214)
	at net.sf.saxon.instruct.ApplyTemplates$ApplyTemplatesPackage.processLeavingTail(ApplyTemplates.java:486)
	at net.sf.saxon.instruct.ApplyTemplates.defaultAction(ApplyTemplates.java:352)
	at net.sf.saxon.instruct.ApplyTemplates.applyTemplates(ApplyTemplates.java:310)
	at net.sf.saxon.Controller.transformDocument(Controller.java:1705)
	at net.sf.saxon.Controller.transform(Controller.java:1513)
	at net.sf.saxon.Transform.processFile(Transform.java:860)
	at net.sf.saxon.Transform.doTransform(Transform.java:504)
	at net.sf.saxon.Transform.main(Transform.java:60)
	at sun.reflect.NativeMethodAccessorImpl.invoke0(Native Method)
	at sun.reflect.NativeMethodAccessorImpl.invoke(Unknown Source)
	at sun.reflect.DelegatingMethodAccessorImpl.invoke(Unknown Source)
	at java.lang.reflect.Method.invoke(Unknown Source)
	at org.apache.uima.adapter.jms.service.Dd2spring.convertDd2Spring(Dd2spring.java:157)
	at org.apache.uima.adapter.jms.service.Dd2spring.convertDd2Spring(Dd2spring.java:79)
	at org.apache.uima.adapter.jms.client.BaseUIMAAsynchronousEngine_impl.generateSpringContext(BaseUIMAAsynchronousEngine_impl.java:1003)
	at org.apache.uima.adapter.jms.client.BaseUIMAAsynchronousEngine_impl.deploy(BaseUIMAAsynchronousEngine_impl.java:820)
	at org.apache.uima.examples.as.RunRemoteAsyncAE.<init>(RunRemoteAsyncAE.java:174)
	at org.apache.uima.examples.as.RunRemoteAsyncAE.main(RunRemoteAsyncAE.java:313)
	at sun.reflect.NativeMethodAccessorImpl.invoke0(Native Method)
	at sun.reflect.NativeMethodAccessorImpl.invoke(Unknown Source)
	at sun.reflect.DelegatingMethodAccessorImpl.invoke(Unknown Source)
	at java.lang.reflect.Method.invoke(Unknown Source)
	at org.apache.uima.bootstrap.UimaBootstrap.main(UimaBootstrap.java:98)

08:49:49.325 - 1: org.apache.uima.adapter.jms.activemq.SpringContainerDeployer.deploy: WARNING: 
org.springframework.beans.factory.xml.XmlBeanDefinitionStoreException: Line 14 in XML document from URL [file:C:/Users/Zal/AppData/Local/Temp/UIMAdd2springOutput8673780158113206193.xml] is invalid; nested exception is org.xml.sax.SAXParseException; lineNumber: 14; columnNumber: 64; Attribute value "qBroker_$_op_defaultBrokerURL_cp_" of type ID must be a name.
	at org.springframework.beans.factory.xml.XmlBeanDefinitionReader.doLoadBeanDefinitions(XmlBeanDefinitionReader.java:396)
	at org.springframework.beans.factory.xml.XmlBeanDefinitionReader.loadBeanDefinitions(XmlBeanDefinitionReader.java:334)
	at org.springframework.beans.factory.xml.XmlBeanDefinitionReader.loadBeanDefinitions(XmlBeanDefinitionReader.java:302)
	at org.springframework.beans.factory.support.AbstractBeanDefinitionReader.loadBeanDefinitions(AbstractBeanDefinitionReader.java:143)
	at org.springframework.beans.factory.support.AbstractBeanDefinitionReader.loadBeanDefinitions(AbstractBeanDefinitionReader.java:178)
	at org.springframework.beans.factory.support.AbstractBeanDefinitionReader.loadBeanDefinitions(AbstractBeanDefinitionReader.java:149)
	at org.springframework.beans.factory.support.AbstractBeanDefinitionReader.loadBeanDefinitions(AbstractBeanDefinitionReader.java:212)
	at org.springframework.context.support.AbstractXmlApplicationContext.loadBeanDefinitions(AbstractXmlApplicationContext.java:126)
	at org.springframework.context.support.AbstractXmlApplicationContext.loadBeanDefinitions(AbstractXmlApplicationContext.java:92)
	at org.springframework.context.support.AbstractRefreshableApplicationContext.refreshBeanFactory(AbstractRefreshableApplicationContext.java:130)
	at org.springframework.context.support.AbstractApplicationContext.obtainFreshBeanFactory(AbstractApplicationContext.java:467)
	at org.springframework.context.support.AbstractApplicationContext.refresh(AbstractApplicationContext.java:397)
	at org.springframework.context.support.FileSystemXmlApplicationContext.<init>(FileSystemXmlApplicationContext.java:140)
	at org.springframework.context.support.FileSystemXmlApplicationContext.<init>(FileSystemXmlApplicationContext.java:84)
	at org.apache.uima.adapter.jms.activemq.SpringContainerDeployer.deploy(SpringContainerDeployer.java:433)
	at org.apache.uima.adapter.jms.client.BaseUIMAAsynchronousEngine_impl.deploy(BaseUIMAAsynchronousEngine_impl.java:824)
	at org.apache.uima.examples.as.RunRemoteAsyncAE.<init>(RunRemoteAsyncAE.java:174)
	at org.apache.uima.examples.as.RunRemoteAsyncAE.main(RunRemoteAsyncAE.java:313)
	at sun.reflect.NativeMethodAccessorImpl.invoke0(Native Method)
	at sun.reflect.NativeMethodAccessorImpl.invoke(Unknown Source)
	at sun.reflect.DelegatingMethodAccessorImpl.invoke(Unknown Source)
	at java.lang.reflect.Method.invoke(Unknown Source)
	at org.apache.uima.bootstrap.UimaBootstrap.main(UimaBootstrap.java:98)
Caused by: org.xml.sax.SAXParseException; lineNumber: 14; columnNumber: 64; Attribute value "qBroker_$_op_defaultBrokerURL_cp_" of type ID must be a name.
	at com.sun.org.apache.xerces.internal.util.ErrorHandlerWrapper.createSAXParseException(Unknown Source)
	at com.sun.org.apache.xerces.internal.util.ErrorHandlerWrapper.error(Unknown Source)
	at com.sun.org.apache.xerces.internal.impl.XMLErrorReporter.reportError(Unknown Source)
	at com.sun.org.apache.xerces.internal.impl.XMLErrorReporter.reportError(Unknown Source)
	at com.sun.org.apache.xerces.internal.impl.XMLErrorReporter.reportError(Unknown Source)
	at com.sun.org.apache.xerces.internal.impl.dtd.XMLDTDValidator.validateDTDattribute(Unknown Source)
	at com.sun.org.apache.xerces.internal.impl.dtd.XMLDTDValidator.addDTDDefaultAttrsAndValidate(Unknown Source)
	at com.sun.org.apache.xerces.internal.impl.dtd.XMLDTDValidator.handleStartElement(Unknown Source)
	at com.sun.org.apache.xerces.internal.impl.dtd.XMLDTDValidator.startElement(Unknown Source)
	at com.sun.org.apache.xerces.internal.impl.XMLDocumentFragmentScannerImpl.scanStartElement(Unknown Source)
	at com.sun.org.apache.xerces.internal.impl.XMLDocumentFragmentScannerImpl$FragmentContentDriver.next(Unknown Source)
	at com.sun.org.apache.xerces.internal.impl.XMLDocumentScannerImpl.next(Unknown Source)
	at com.sun.org.apache.xerces.internal.impl.XMLDocumentFragmentScannerImpl.scanDocument(Unknown Source)
	at com.sun.org.apache.xerces.internal.parsers.XML11Configuration.parse(Unknown Source)
	at com.sun.org.apache.xerces.internal.parsers.XML11Configuration.parse(Unknown Source)
	at com.sun.org.apache.xerces.internal.parsers.XMLParser.parse(Unknown Source)
	at com.sun.org.apache.xerces.internal.parsers.DOMParser.parse(Unknown Source)
	at com.sun.org.apache.xerces.internal.jaxp.DocumentBuilderImpl.parse(Unknown Source)
	at org.springframework.beans.factory.xml.DefaultDocumentLoader.loadDocument(DefaultDocumentLoader.java:75)
	at org.springframework.beans.factory.xml.XmlBeanDefinitionReader.doLoadBeanDefinitions(XmlBeanDefinitionReader.java:388)
	... 22 more

